2026-02-16 19:39:32 - yoi.engine - [cfg:global] - INFO - 
======================================================================
2026-02-16 19:39:32 - yoi.engine - [cfg:global] - INFO - ENGINE: STARTUP
2026-02-16 19:39:32 - yoi.engine - [cfg:global] - INFO - ======================================================================
2026-02-16 19:39:32 - yoi.engine - [cfg:global] - INFO - Working dir : D:\AssistXenterprise\yoi
2026-02-16 19:39:32 - yoi.engine - [cfg:global] - INFO - Python      : 3.12.12
2026-02-16 19:39:32 - yoi.engine - [cfg:global] - INFO - YOI Version : 1.0.0
2026-02-16 19:39:32 - yoi.engine - [cfg:global] - INFO - Runtime     : profile=gpu (source=YOI_RUNTIME_PROFILE), target_device=cuda, strict=0
2026-02-16 19:39:32 - yoi.engine - [cfg:global] - INFO - CUDA Visible: <unset>
2026-02-16 19:39:32 - yoi.engine - [cfg:global] - INFO - Credits     : by hafizalfariz
2026-02-16 19:39:32 - yoi.engine - [cfg:global] - INFO - ======================================================================

2026-02-16 19:39:32 - yoi.engine - [cfg:global] - INFO - STEP 1/4 - Validating models...
2026-02-16 19:39:32 - yoi.engine - [cfg:global] - INFO - ======================================================================
2026-02-16 19:39:32 - yoi.engine - [cfg:global] - INFO - MODEL VALIDATION
2026-02-16 19:39:32 - yoi.engine - [cfg:global] - INFO - ======================================================================
2026-02-16 19:39:32 - yoi.engine - [cfg:global] - INFO - Models directory found: D:\AssistXenterprise\yoi\models
2026-02-16 19:39:32 - yoi.engine - [cfg:global] - INFO - Found 2 model directory(ies):
2026-02-16 19:39:32 - yoi.engine - [cfg:global] - INFO -   person_general_detection
2026-02-16 19:39:32 - yoi.engine - [cfg:global] - INFO -      - best.onnx
2026-02-16 19:39:32 - yoi.engine - [cfg:global] - INFO -      - best.pt
2026-02-16 19:39:32 - yoi.engine - [cfg:global] - INFO -      - metadata.yaml
2026-02-16 19:39:32 - yoi.engine - [cfg:global] - INFO -   person_office_detection_v31
2026-02-16 19:39:32 - yoi.engine - [cfg:global] - INFO -      - best.onnx
2026-02-16 19:39:32 - yoi.engine - [cfg:global] - WARNING -      No metadata.yaml found
2026-02-16 19:39:32 - yoi.engine - [cfg:global] - INFO - ======================================================================
2026-02-16 19:39:32 - yoi.engine - [cfg:global] - INFO - STEP 1/4 - MODELS OK
2026-02-16 19:39:32 - yoi.engine - [cfg:global] - INFO - STEP 2/4 - Loading configuration...
2026-02-16 19:39:32 - yoi.engine - [cfg:global] - INFO - ======================================================================
2026-02-16 19:39:32 - yoi.engine - [cfg:global] - INFO - CONFIG VALIDATION
2026-02-16 19:39:32 - yoi.engine - [cfg:global] - INFO - ======================================================================
2026-02-16 19:39:32 - yoi.engine - [cfg:global] - INFO - Config file found: D:\AssistXenterprise\yoi\configs\app\dwelltime-rtsp-multi.yaml
2026-02-16 19:39:32 - yoi.engine - [cfg:global] - INFO -   - File size: 1597 bytes
2026-02-16 19:39:32 - yoi.engine - [cfg:global] - INFO -   - File type: .yaml
2026-02-16 19:39:32 - yoi.engine - [cfg:global] - INFO - Config parsed successfully
2026-02-16 19:39:32 - yoi.engine - [cfg:global] - INFO -   - Config name: dwelltime-rtsp-multi
2026-02-16 19:39:32 - yoi.engine - [cfg:global] - INFO -   - CCTV ID: malioboro_multi
2026-02-16 19:39:32 - yoi.engine - [cfg:global] - INFO -   - Feature: dwell_time
2026-02-16 19:39:32 - yoi.engine - [cfg:global] - INFO -   - Input source: None
2026-02-16 19:39:32 - yoi.engine - [cfg:global] - INFO - ======================================================================
2026-02-16 19:39:32 - yoi.engine - [cfg:dwelltime-rtsp-multi] - INFO - Config loaded successfully: D:\AssistXenterprise\yoi\configs\app\dwelltime-rtsp-multi.yaml
2026-02-16 19:39:32 - yoi.engine - [cfg:dwelltime-rtsp-multi] - INFO - STEP 2/4 - CONFIG OK (from --config)
2026-02-16 19:39:32 - yoi.engine - [cfg:dwelltime-rtsp-multi] - INFO - 
======================================================================
2026-02-16 19:39:32 - yoi.engine - [cfg:dwelltime-rtsp-multi] - INFO - RUN 1/1 - ACTIVE CONFIG: D:\AssistXenterprise\yoi\configs\app\dwelltime-rtsp-multi.yaml
2026-02-16 19:39:32 - yoi.engine - [cfg:dwelltime-rtsp-multi] - INFO - ======================================================================
2026-02-16 19:39:32 - yoi.engine - [cfg:dwelltime-rtsp-multi] - INFO - STEP 3/4 - INPUT SUMMARY
2026-02-16 19:39:32 - yoi.engine - [cfg:dwelltime-rtsp-multi] - INFO -   - Type : rtsp
2026-02-16 19:39:32 - yoi.engine - [cfg:dwelltime-rtsp-multi] - INFO -   - Source: rtsp://sByvB196wlWdScHBx0mu6u6e4umlJiZb:DUt9lpjFGCh1V23851FsV@test.rtsp.stream/people
2026-02-16 19:39:32 - yoi.engine - [cfg:dwelltime-rtsp-multi] - INFO -   - RTSP MODE: rtsp://sByvB196wlWdScHBx0mu6u6e4umlJiZb:DUt9lpjFGCh1V23851FsV@test.rtsp.stream/people
2026-02-16 19:39:32 - yoi.engine - [cfg:dwelltime-rtsp-multi] - INFO - OUTPUT: dashboard URL configured
2026-02-16 19:39:32 - yoi.engine - [cfg:dwelltime-rtsp-multi] - INFO -   - Dashboard: 0.0.0.0
2026-02-16 19:39:32 - yoi.engine - [cfg:dwelltime-rtsp-multi] - INFO - 
======================================================================
2026-02-16 19:39:32 - yoi.engine - [cfg:dwelltime-rtsp-multi] - INFO - STEP 4/4 - STARTING INFERENCE ENGINE
2026-02-16 19:39:32 - yoi.engine - [cfg:dwelltime-rtsp-multi] - INFO - ======================================================================

2026-02-16 19:39:32 - yoi.engine - [cfg:dwelltime-rtsp-multi] - INFO - Initializing YOI Vision Engine: dwelltime-rtsp-multi
2026-02-16 19:39:32 - yoi.engine - [cfg:dwelltime-rtsp-multi] - INFO - CCTV ID: malioboro_multi
2026-02-16 19:39:32 - yoi.engine - [cfg:dwelltime-rtsp-multi] - INFO - Feature: dwell_time
2026-02-16 19:39:32 - yoi.engine - [cfg:dwelltime-rtsp-multi] - INFO - STAGE 1/6 - ENGINE INIT
2026-02-16 19:39:40 - yoi.engine - [cfg:dwelltime-rtsp-multi] - INFO - Video reader ready: rtsp://sByvB196wlWdScHBx0mu6u6e4umlJiZb:DUt9lpjFGCh1V23851FsV@test.rtsp.stream/people
2026-02-16 19:39:40 - yoi.engine - [cfg:dwelltime-rtsp-multi] - INFO - STAGE 2/6 - INPUT READY
2026-02-16 19:39:40 - yoi.engine - [cfg:dwelltime-rtsp-multi] - ERROR - Failed to initialize inference engine: Torch not compiled with CUDA enabled
2026-02-16 19:39:40 - yoi.engine - [cfg:dwelltime-rtsp-multi] - ERROR - Fatal error: Torch not compiled with CUDA enabled
Traceback (most recent call last):
  File "D:\AssistXenterprise\yoi\src\app\main.py", line 597, in main
    engine = VisionEngine(config)
             ^^^^^^^^^^^^^^^^^^^^
  File "D:\AssistXenterprise\yoi\yoi\components\engine.py", line 54, in __init__
    self._init_inference_engine()
  File "D:\AssistXenterprise\yoi\yoi\components\engine.py", line 230, in _init_inference_engine
    self.inferencer = YOLOInferencer(
                      ^^^^^^^^^^^^^^^
  File "D:\AssistXenterprise\yoi\yoi\inference\yolo.py", line 193, in __init__
    self.model.to(self.device)
  File "D:\AssistXenterprise\yoi\.venv\Lib\site-packages\torch\nn\modules\module.py", line 1381, in to
    return self._apply(convert)
           ^^^^^^^^^^^^^^^^^^^^
  File "D:\AssistXenterprise\yoi\.venv\Lib\site-packages\ultralytics\engine\model.py", line 852, in _apply
    self = super()._apply(fn)
           ^^^^^^^^^^^^^^^^^^
  File "D:\AssistXenterprise\yoi\.venv\Lib\site-packages\torch\nn\modules\module.py", line 933, in _apply
    module._apply(fn)
  File "D:\AssistXenterprise\yoi\.venv\Lib\site-packages\ultralytics\nn\tasks.py", line 286, in _apply
    self = super()._apply(fn)
           ^^^^^^^^^^^^^^^^^^
  File "D:\AssistXenterprise\yoi\.venv\Lib\site-packages\torch\nn\modules\module.py", line 933, in _apply
    module._apply(fn)
  File "D:\AssistXenterprise\yoi\.venv\Lib\site-packages\torch\nn\modules\module.py", line 933, in _apply
    module._apply(fn)
  File "D:\AssistXenterprise\yoi\.venv\Lib\site-packages\torch\nn\modules\module.py", line 933, in _apply
    module._apply(fn)
  File "D:\AssistXenterprise\yoi\.venv\Lib\site-packages\torch\nn\modules\module.py", line 964, in _apply
    param_applied = fn(param)
                    ^^^^^^^^^
  File "D:\AssistXenterprise\yoi\.venv\Lib\site-packages\torch\nn\modules\module.py", line 1367, in convert
    return t.to(
           ^^^^^
  File "D:\AssistXenterprise\yoi\.venv\Lib\site-packages\torch\cuda\__init__.py", line 417, in _lazy_init
    raise AssertionError("Torch not compiled with CUDA enabled")
AssertionError: Torch not compiled with CUDA enabled
2026-02-16 19:39:40 - yoi.engine - [cfg:dwelltime-rtsp-multi] - INFO - ======================================================================

2026-02-16 19:40:26 - yoi.engine - [cfg:global] - INFO - 
======================================================================
2026-02-16 19:40:26 - yoi.engine - [cfg:global] - INFO - ENGINE: STARTUP
2026-02-16 19:40:26 - yoi.engine - [cfg:global] - INFO - ======================================================================
2026-02-16 19:40:26 - yoi.engine - [cfg:global] - INFO - Working dir : D:\AssistXenterprise\yoi
2026-02-16 19:40:26 - yoi.engine - [cfg:global] - INFO - Python      : 3.12.12
2026-02-16 19:40:26 - yoi.engine - [cfg:global] - INFO - YOI Version : 1.0.0
2026-02-16 19:40:26 - yoi.engine - [cfg:global] - INFO - Runtime     : profile=cpu (source=YOI_RUNTIME_PROFILE), target_device=cpu, strict=0
2026-02-16 19:40:26 - yoi.engine - [cfg:global] - INFO - CUDA Visible: <unset>
2026-02-16 19:40:26 - yoi.engine - [cfg:global] - INFO - Credits     : by hafizalfariz
2026-02-16 19:40:26 - yoi.engine - [cfg:global] - INFO - ======================================================================

2026-02-16 19:40:26 - yoi.engine - [cfg:global] - INFO - STEP 1/4 - Validating models...
2026-02-16 19:40:26 - yoi.engine - [cfg:global] - INFO - ======================================================================
2026-02-16 19:40:26 - yoi.engine - [cfg:global] - INFO - MODEL VALIDATION
2026-02-16 19:40:26 - yoi.engine - [cfg:global] - INFO - ======================================================================
2026-02-16 19:40:26 - yoi.engine - [cfg:global] - INFO - Models directory found: D:\AssistXenterprise\yoi\models
2026-02-16 19:40:26 - yoi.engine - [cfg:global] - INFO - Found 2 model directory(ies):
2026-02-16 19:40:26 - yoi.engine - [cfg:global] - INFO -   person_general_detection
2026-02-16 19:40:26 - yoi.engine - [cfg:global] - INFO -      - best.onnx
2026-02-16 19:40:26 - yoi.engine - [cfg:global] - INFO -      - best.pt
2026-02-16 19:40:26 - yoi.engine - [cfg:global] - INFO -      - metadata.yaml
2026-02-16 19:40:26 - yoi.engine - [cfg:global] - INFO -   person_office_detection_v31
2026-02-16 19:40:26 - yoi.engine - [cfg:global] - INFO -      - best.onnx
2026-02-16 19:40:26 - yoi.engine - [cfg:global] - WARNING -      No metadata.yaml found
2026-02-16 19:40:26 - yoi.engine - [cfg:global] - INFO - ======================================================================
2026-02-16 19:40:26 - yoi.engine - [cfg:global] - INFO - STEP 1/4 - MODELS OK
2026-02-16 19:40:26 - yoi.engine - [cfg:global] - INFO - STEP 2/4 - Loading configuration...
2026-02-16 19:40:26 - yoi.engine - [cfg:global] - INFO - ======================================================================
2026-02-16 19:40:26 - yoi.engine - [cfg:global] - INFO - CONFIG VALIDATION
2026-02-16 19:40:26 - yoi.engine - [cfg:global] - INFO - ======================================================================
2026-02-16 19:40:26 - yoi.engine - [cfg:global] - INFO - Config file found: D:\AssistXenterprise\yoi\configs\app\dwelltime-rtsp-multi.yaml
2026-02-16 19:40:26 - yoi.engine - [cfg:global] - INFO -   - File size: 1597 bytes
2026-02-16 19:40:26 - yoi.engine - [cfg:global] - INFO -   - File type: .yaml
2026-02-16 19:40:26 - yoi.engine - [cfg:global] - INFO - Config parsed successfully
2026-02-16 19:40:26 - yoi.engine - [cfg:global] - INFO -   - Config name: dwelltime-rtsp-multi
2026-02-16 19:40:26 - yoi.engine - [cfg:global] - INFO -   - CCTV ID: malioboro_multi
2026-02-16 19:40:26 - yoi.engine - [cfg:global] - INFO -   - Feature: dwell_time
2026-02-16 19:40:26 - yoi.engine - [cfg:global] - INFO -   - Input source: None
2026-02-16 19:40:26 - yoi.engine - [cfg:global] - INFO - ======================================================================
2026-02-16 19:40:26 - yoi.engine - [cfg:dwelltime-rtsp-multi] - INFO - Config loaded successfully: D:\AssistXenterprise\yoi\configs\app\dwelltime-rtsp-multi.yaml
2026-02-16 19:40:26 - yoi.engine - [cfg:dwelltime-rtsp-multi] - INFO - STEP 2/4 - CONFIG OK (from --config)
2026-02-16 19:40:26 - yoi.engine - [cfg:dwelltime-rtsp-multi] - INFO - 
======================================================================
2026-02-16 19:40:26 - yoi.engine - [cfg:dwelltime-rtsp-multi] - INFO - RUN 1/1 - ACTIVE CONFIG: D:\AssistXenterprise\yoi\configs\app\dwelltime-rtsp-multi.yaml
2026-02-16 19:40:26 - yoi.engine - [cfg:dwelltime-rtsp-multi] - INFO - ======================================================================
2026-02-16 19:40:26 - yoi.engine - [cfg:dwelltime-rtsp-multi] - INFO - STEP 3/4 - INPUT SUMMARY
2026-02-16 19:40:26 - yoi.engine - [cfg:dwelltime-rtsp-multi] - INFO -   - Type : rtsp
2026-02-16 19:40:26 - yoi.engine - [cfg:dwelltime-rtsp-multi] - INFO -   - Source: rtsp://sByvB196wlWdScHBx0mu6u6e4umlJiZb:DUt9lpjFGCh1V23851FsV@test.rtsp.stream/people
2026-02-16 19:40:26 - yoi.engine - [cfg:dwelltime-rtsp-multi] - INFO -   - RTSP MODE: rtsp://sByvB196wlWdScHBx0mu6u6e4umlJiZb:DUt9lpjFGCh1V23851FsV@test.rtsp.stream/people
2026-02-16 19:40:26 - yoi.engine - [cfg:dwelltime-rtsp-multi] - INFO - OUTPUT: dashboard URL configured
2026-02-16 19:40:26 - yoi.engine - [cfg:dwelltime-rtsp-multi] - INFO -   - Dashboard: 0.0.0.0
2026-02-16 19:40:26 - yoi.engine - [cfg:dwelltime-rtsp-multi] - INFO - 
======================================================================
2026-02-16 19:40:26 - yoi.engine - [cfg:dwelltime-rtsp-multi] - INFO - STEP 4/4 - STARTING INFERENCE ENGINE
2026-02-16 19:40:26 - yoi.engine - [cfg:dwelltime-rtsp-multi] - INFO - ======================================================================

2026-02-16 19:40:26 - yoi.engine - [cfg:dwelltime-rtsp-multi] - INFO - Initializing YOI Vision Engine: dwelltime-rtsp-multi
2026-02-16 19:40:26 - yoi.engine - [cfg:dwelltime-rtsp-multi] - INFO - CCTV ID: malioboro_multi
2026-02-16 19:40:26 - yoi.engine - [cfg:dwelltime-rtsp-multi] - INFO - Feature: dwell_time
2026-02-16 19:40:26 - yoi.engine - [cfg:dwelltime-rtsp-multi] - INFO - STAGE 1/6 - ENGINE INIT
2026-02-16 19:40:28 - yoi.engine - [cfg:dwelltime-rtsp-multi] - INFO - Video reader ready: rtsp://sByvB196wlWdScHBx0mu6u6e4umlJiZb:DUt9lpjFGCh1V23851FsV@test.rtsp.stream/people
2026-02-16 19:40:28 - yoi.engine - [cfg:dwelltime-rtsp-multi] - INFO - STAGE 2/6 - INPUT READY
2026-02-16 19:40:29 - yoi.engine - [cfg:dwelltime-rtsp-multi] - INFO - YOLO inference engine initialized
2026-02-16 19:40:29 - yoi.engine - [cfg:dwelltime-rtsp-multi] - INFO - STAGE 3/6 - MODEL READY
2026-02-16 19:40:29 - yoi.engine - [cfg:dwelltime-rtsp-multi] - INFO - Object tracker initialized
2026-02-16 19:40:29 - yoi.engine - [cfg:dwelltime-rtsp-multi] - INFO - Feature engine initialized: dwell_time
2026-02-16 19:40:29 - yoi.engine - [cfg:dwelltime-rtsp-multi] - INFO - Analytics engine initialized (FPS: 29.97002997002997, Min dwell: 10s)
2026-02-16 19:40:30 - yoi.engine - [cfg:dwelltime-rtsp-multi] - INFO - RTSP OUTPUT: streaming annotated video to rtsp://mediamtx:8554/dwelltime-rtsp-multi
2026-02-16 19:40:30 - yoi.engine - [cfg:dwelltime-rtsp-multi] - INFO - RTSP endpoint internal for 'dwelltime-rtsp-multi': rtsp://mediamtx:8554/dwelltime-rtsp-multi
2026-02-16 19:40:30 - yoi.engine - [cfg:dwelltime-rtsp-multi] - INFO - RTSP endpoint external for 'dwelltime-rtsp-multi': rtsp://localhost:6554/dwelltime-rtsp-multi
2026-02-16 19:40:30 - yoi.engine - [cfg:dwelltime-rtsp-multi] - INFO - Output engines initialized: logs\dwelltime-rtsp-multi\people_20260216-124029
2026-02-16 19:40:30 - yoi.engine - [cfg:dwelltime-rtsp-multi] - INFO - STAGE 4/6 - OUTPUT/RTSP READY
2026-02-16 19:40:30 - yoi.engine - [cfg:dwelltime-rtsp-multi] - INFO - Starting video processing...
2026-02-16 19:40:30 - yoi.engine - [cfg:dwelltime-rtsp-multi] - INFO - STAGE 5/6 - PRE-INFERENCE CHECKS
2026-02-16 19:40:30 - yoi.engine - [cfg:dwelltime-rtsp-multi] - INFO - RTSP OUTPUT: cooldown 10s before inference (allow publisher/clients stabilize)
2026-02-16 19:47:46 - yoi.engine - [cfg:global] - INFO - 
======================================================================
2026-02-16 19:47:46 - yoi.engine - [cfg:global] - INFO - ENGINE: STARTUP
2026-02-16 19:47:46 - yoi.engine - [cfg:global] - INFO - ======================================================================
2026-02-16 19:47:46 - yoi.engine - [cfg:global] - INFO - Working dir : D:\AssistXenterprise\yoi
2026-02-16 19:47:46 - yoi.engine - [cfg:global] - INFO - Python      : 3.12.12
2026-02-16 19:47:46 - yoi.engine - [cfg:global] - INFO - YOI Version : 1.0.0
2026-02-16 19:47:46 - yoi.engine - [cfg:global] - INFO - Runtime     : profile=cpu (source=YOI_RUNTIME_PROFILE), target_device=cpu, strict=0
2026-02-16 19:47:46 - yoi.engine - [cfg:global] - INFO - CUDA Visible: <unset>
2026-02-16 19:47:46 - yoi.engine - [cfg:global] - INFO - Credits     : by hafizalfariz
2026-02-16 19:47:46 - yoi.engine - [cfg:global] - INFO - ======================================================================

2026-02-16 19:47:46 - yoi.engine - [cfg:global] - INFO - STEP 1/4 - Validating models...
2026-02-16 19:47:46 - yoi.engine - [cfg:global] - INFO - ======================================================================
2026-02-16 19:47:46 - yoi.engine - [cfg:global] - INFO - MODEL VALIDATION
2026-02-16 19:47:46 - yoi.engine - [cfg:global] - INFO - ======================================================================
2026-02-16 19:47:46 - yoi.engine - [cfg:global] - INFO - Models directory found: D:\AssistXenterprise\yoi\models
2026-02-16 19:47:46 - yoi.engine - [cfg:global] - INFO - Found 2 model directory(ies):
2026-02-16 19:47:46 - yoi.engine - [cfg:global] - INFO -   person_general_detection
2026-02-16 19:47:46 - yoi.engine - [cfg:global] - INFO -      - best.onnx
2026-02-16 19:47:46 - yoi.engine - [cfg:global] - INFO -      - best.pt
2026-02-16 19:47:46 - yoi.engine - [cfg:global] - INFO -      - metadata.yaml
2026-02-16 19:47:46 - yoi.engine - [cfg:global] - INFO -   person_office_detection_v31
2026-02-16 19:47:46 - yoi.engine - [cfg:global] - INFO -      - best.onnx
2026-02-16 19:47:46 - yoi.engine - [cfg:global] - WARNING -      No metadata.yaml found
2026-02-16 19:47:46 - yoi.engine - [cfg:global] - INFO - ======================================================================
2026-02-16 19:47:46 - yoi.engine - [cfg:global] - INFO - STEP 1/4 - MODELS OK
2026-02-16 19:47:46 - yoi.engine - [cfg:global] - INFO - STEP 2/4 - Loading configuration...
2026-02-16 19:47:46 - yoi.engine - [cfg:global] - INFO - ======================================================================
2026-02-16 19:47:46 - yoi.engine - [cfg:global] - INFO - CONFIG VALIDATION
2026-02-16 19:47:46 - yoi.engine - [cfg:global] - INFO - ======================================================================
2026-02-16 19:47:46 - yoi.engine - [cfg:global] - INFO - Config file found: D:\AssistXenterprise\yoi\configs\app\dwelltime-rtsp-multi.yaml
2026-02-16 19:47:46 - yoi.engine - [cfg:global] - INFO -   - File size: 1597 bytes
2026-02-16 19:47:46 - yoi.engine - [cfg:global] - INFO -   - File type: .yaml
2026-02-16 19:47:46 - yoi.engine - [cfg:global] - INFO - Config parsed successfully
2026-02-16 19:47:46 - yoi.engine - [cfg:global] - INFO -   - Config name: dwelltime-rtsp-multi
2026-02-16 19:47:46 - yoi.engine - [cfg:global] - INFO -   - CCTV ID: malioboro_multi
2026-02-16 19:47:46 - yoi.engine - [cfg:global] - INFO -   - Feature: dwell_time
2026-02-16 19:47:46 - yoi.engine - [cfg:global] - INFO -   - Input source: None
2026-02-16 19:47:46 - yoi.engine - [cfg:global] - INFO - ======================================================================
2026-02-16 19:47:46 - yoi.engine - [cfg:dwelltime-rtsp-multi] - INFO - Config loaded successfully: D:\AssistXenterprise\yoi\configs\app\dwelltime-rtsp-multi.yaml
2026-02-16 19:47:46 - yoi.engine - [cfg:dwelltime-rtsp-multi] - INFO - STEP 2/4 - CONFIG OK (from --config)
2026-02-16 19:47:46 - yoi.engine - [cfg:dwelltime-rtsp-multi] - INFO - 
======================================================================
2026-02-16 19:47:46 - yoi.engine - [cfg:dwelltime-rtsp-multi] - INFO - RUN 1/1 - ACTIVE CONFIG: D:\AssistXenterprise\yoi\configs\app\dwelltime-rtsp-multi.yaml
2026-02-16 19:47:46 - yoi.engine - [cfg:dwelltime-rtsp-multi] - INFO - ======================================================================
2026-02-16 19:47:46 - yoi.engine - [cfg:dwelltime-rtsp-multi] - INFO - STEP 3/4 - INPUT SUMMARY
2026-02-16 19:47:46 - yoi.engine - [cfg:dwelltime-rtsp-multi] - INFO -   - Type : rtsp
2026-02-16 19:47:46 - yoi.engine - [cfg:dwelltime-rtsp-multi] - INFO -   - Source: rtsp://sByvB196wlWdScHBx0mu6u6e4umlJiZb:DUt9lpjFGCh1V23851FsV@test.rtsp.stream/people
2026-02-16 19:47:46 - yoi.engine - [cfg:dwelltime-rtsp-multi] - INFO -   - RTSP MODE: rtsp://sByvB196wlWdScHBx0mu6u6e4umlJiZb:DUt9lpjFGCh1V23851FsV@test.rtsp.stream/people
2026-02-16 19:47:46 - yoi.engine - [cfg:dwelltime-rtsp-multi] - INFO - OUTPUT: dashboard URL configured
2026-02-16 19:47:46 - yoi.engine - [cfg:dwelltime-rtsp-multi] - INFO -   - Dashboard: 0.0.0.0
2026-02-16 19:47:46 - yoi.engine - [cfg:dwelltime-rtsp-multi] - INFO - 
======================================================================
2026-02-16 19:47:46 - yoi.engine - [cfg:dwelltime-rtsp-multi] - INFO - STEP 4/4 - STARTING INFERENCE ENGINE
2026-02-16 19:47:46 - yoi.engine - [cfg:dwelltime-rtsp-multi] - INFO - ======================================================================

2026-02-16 19:47:46 - yoi.engine - [cfg:dwelltime-rtsp-multi] - INFO - Initializing YOI Vision Engine: dwelltime-rtsp-multi
2026-02-16 19:47:46 - yoi.engine - [cfg:dwelltime-rtsp-multi] - INFO - CCTV ID: malioboro_multi
2026-02-16 19:47:46 - yoi.engine - [cfg:dwelltime-rtsp-multi] - INFO - Feature: dwell_time
2026-02-16 19:47:46 - yoi.engine - [cfg:dwelltime-rtsp-multi] - INFO - STAGE 1/6 - ENGINE INIT
2026-02-16 19:47:48 - yoi.engine - [cfg:dwelltime-rtsp-multi] - INFO - Video reader ready: rtsp://sByvB196wlWdScHBx0mu6u6e4umlJiZb:DUt9lpjFGCh1V23851FsV@test.rtsp.stream/people
2026-02-16 19:47:48 - yoi.engine - [cfg:dwelltime-rtsp-multi] - INFO - STAGE 2/6 - INPUT READY
2026-02-16 19:47:48 - yoi.engine - [cfg:dwelltime-rtsp-multi] - INFO - YOLO inference engine initialized
2026-02-16 19:47:48 - yoi.engine - [cfg:dwelltime-rtsp-multi] - INFO - STAGE 3/6 - MODEL READY
2026-02-16 19:47:48 - yoi.engine - [cfg:dwelltime-rtsp-multi] - INFO - Object tracker initialized
2026-02-16 19:47:48 - yoi.engine - [cfg:dwelltime-rtsp-multi] - INFO - Feature engine initialized: dwell_time
2026-02-16 19:47:48 - yoi.engine - [cfg:dwelltime-rtsp-multi] - INFO - Analytics engine initialized (FPS: 29.97002997002997, Min dwell: 10s)
2026-02-16 19:47:49 - yoi.engine - [cfg:dwelltime-rtsp-multi] - INFO - RTSP OUTPUT: streaming annotated video to rtsp://mediamtx:8554/dwelltime-rtsp-multi
2026-02-16 19:47:49 - yoi.engine - [cfg:dwelltime-rtsp-multi] - INFO - RTSP endpoint internal for 'dwelltime-rtsp-multi': rtsp://mediamtx:8554/dwelltime-rtsp-multi
2026-02-16 19:47:49 - yoi.engine - [cfg:dwelltime-rtsp-multi] - INFO - RTSP endpoint external for 'dwelltime-rtsp-multi': rtsp://localhost:6554/dwelltime-rtsp-multi
2026-02-16 19:47:49 - yoi.engine - [cfg:dwelltime-rtsp-multi] - INFO - Output engines initialized: logs\dwelltime-rtsp-multi\people_20260216-124748
2026-02-16 19:47:49 - yoi.engine - [cfg:dwelltime-rtsp-multi] - INFO - STAGE 4/6 - OUTPUT/RTSP READY
2026-02-16 19:47:49 - yoi.engine - [cfg:dwelltime-rtsp-multi] - INFO - Starting video processing...
2026-02-16 19:47:49 - yoi.engine - [cfg:dwelltime-rtsp-multi] - INFO - STAGE 5/6 - PRE-INFERENCE CHECKS
2026-02-16 19:47:49 - yoi.engine - [cfg:dwelltime-rtsp-multi] - INFO - RTSP OUTPUT: cooldown 10s before inference (allow publisher/clients stabilize)
2026-02-16 19:56:12 - yoi.engine - [cfg:global] - INFO - 
======================================================================
2026-02-16 19:56:12 - yoi.engine - [cfg:global] - INFO - ENGINE: STARTUP
2026-02-16 19:56:12 - yoi.engine - [cfg:global] - INFO - ======================================================================
2026-02-16 19:56:12 - yoi.engine - [cfg:global] - INFO - Working dir : D:\AssistXenterprise\yoi
2026-02-16 19:56:12 - yoi.engine - [cfg:global] - INFO - Python      : 3.12.12
2026-02-16 19:56:12 - yoi.engine - [cfg:global] - INFO - YOI Version : 1.0.0
2026-02-16 19:56:12 - yoi.engine - [cfg:global] - INFO - Runtime     : profile=cpu (source=YOI_RUNTIME_PROFILE), target_device=cpu, strict=0
2026-02-16 19:56:12 - yoi.engine - [cfg:global] - INFO - CUDA Visible: <unset>
2026-02-16 19:56:12 - yoi.engine - [cfg:global] - INFO - Credits     : by hafizalfariz
2026-02-16 19:56:12 - yoi.engine - [cfg:global] - INFO - ======================================================================

2026-02-16 19:56:12 - yoi.engine - [cfg:global] - INFO - STEP 1/4 - Validating models...
2026-02-16 19:56:12 - yoi.engine - [cfg:global] - INFO - ======================================================================
2026-02-16 19:56:12 - yoi.engine - [cfg:global] - INFO - MODEL VALIDATION
2026-02-16 19:56:12 - yoi.engine - [cfg:global] - INFO - ======================================================================
2026-02-16 19:56:12 - yoi.engine - [cfg:global] - INFO - Models directory found: D:\AssistXenterprise\yoi\models
2026-02-16 19:56:12 - yoi.engine - [cfg:global] - INFO - Found 2 model directory(ies):
2026-02-16 19:56:12 - yoi.engine - [cfg:global] - INFO -   person_general_detection
2026-02-16 19:56:12 - yoi.engine - [cfg:global] - INFO -      - best.onnx
2026-02-16 19:56:12 - yoi.engine - [cfg:global] - INFO -      - best.pt
2026-02-16 19:56:12 - yoi.engine - [cfg:global] - INFO -      - metadata.yaml
2026-02-16 19:56:12 - yoi.engine - [cfg:global] - INFO -   person_office_detection_v31
2026-02-16 19:56:12 - yoi.engine - [cfg:global] - INFO -      - best.onnx
2026-02-16 19:56:12 - yoi.engine - [cfg:global] - WARNING -      No metadata.yaml found
2026-02-16 19:56:12 - yoi.engine - [cfg:global] - INFO - ======================================================================
2026-02-16 19:56:12 - yoi.engine - [cfg:global] - INFO - STEP 1/4 - MODELS OK
2026-02-16 19:56:12 - yoi.engine - [cfg:global] - INFO - STEP 2/4 - Loading configuration...
2026-02-16 19:56:12 - yoi.engine - [cfg:global] - INFO - ======================================================================
2026-02-16 19:56:12 - yoi.engine - [cfg:global] - INFO - CONFIG VALIDATION
2026-02-16 19:56:12 - yoi.engine - [cfg:global] - INFO - ======================================================================
2026-02-16 19:56:12 - yoi.engine - [cfg:global] - INFO - Config file found: D:\AssistXenterprise\yoi\configs\app\dwelltime-rtsp-multi.yaml
2026-02-16 19:56:12 - yoi.engine - [cfg:global] - INFO -   - File size: 1443 bytes
2026-02-16 19:56:12 - yoi.engine - [cfg:global] - INFO -   - File type: .yaml
2026-02-16 19:56:12 - yoi.engine - [cfg:global] - INFO - Config parsed successfully
2026-02-16 19:56:12 - yoi.engine - [cfg:global] - INFO -   - Config name: dwelltime-rtsp-multi
2026-02-16 19:56:12 - yoi.engine - [cfg:global] - INFO -   - CCTV ID: malioboro_multi
2026-02-16 19:56:12 - yoi.engine - [cfg:global] - INFO -   - Feature: dwell_time
2026-02-16 19:56:12 - yoi.engine - [cfg:global] - INFO -   - Input source: None
2026-02-16 19:56:12 - yoi.engine - [cfg:global] - INFO - ======================================================================
2026-02-16 19:56:12 - yoi.engine - [cfg:dwelltime-rtsp-multi] - INFO - Config loaded successfully: D:\AssistXenterprise\yoi\configs\app\dwelltime-rtsp-multi.yaml
2026-02-16 19:56:12 - yoi.engine - [cfg:dwelltime-rtsp-multi] - INFO - STEP 2/4 - CONFIG OK (from --config)
2026-02-16 19:56:12 - yoi.engine - [cfg:dwelltime-rtsp-multi] - INFO - 
======================================================================
2026-02-16 19:56:12 - yoi.engine - [cfg:dwelltime-rtsp-multi] - INFO - RUN 1/1 - ACTIVE CONFIG: D:\AssistXenterprise\yoi\configs\app\dwelltime-rtsp-multi.yaml
2026-02-16 19:56:12 - yoi.engine - [cfg:dwelltime-rtsp-multi] - INFO - ======================================================================
2026-02-16 19:56:12 - yoi.engine - [cfg:dwelltime-rtsp-multi] - INFO - STEP 3/4 - INPUT SUMMARY
2026-02-16 19:56:12 - yoi.engine - [cfg:dwelltime-rtsp-multi] - INFO -   - Type : rtsp
2026-02-16 19:56:12 - yoi.engine - [cfg:dwelltime-rtsp-multi] - INFO -   - Source: rtsp://sByvB196wlWdScHBx0mu6u6e4umlJiZb:DUt9lpjFGCh1V23851FsV@test.rtsp.stream/people
2026-02-16 19:56:12 - yoi.engine - [cfg:dwelltime-rtsp-multi] - INFO -   - RTSP MODE: rtsp://sByvB196wlWdScHBx0mu6u6e4umlJiZb:DUt9lpjFGCh1V23851FsV@test.rtsp.stream/people
2026-02-16 19:56:12 - yoi.engine - [cfg:dwelltime-rtsp-multi] - INFO - OUTPUT: dashboard URL configured
2026-02-16 19:56:12 - yoi.engine - [cfg:dwelltime-rtsp-multi] - INFO -   - Dashboard: 0.0.0.0
2026-02-16 19:56:12 - yoi.engine - [cfg:dwelltime-rtsp-multi] - INFO - 
======================================================================
2026-02-16 19:56:12 - yoi.engine - [cfg:dwelltime-rtsp-multi] - INFO - STEP 4/4 - STARTING INFERENCE ENGINE
2026-02-16 19:56:12 - yoi.engine - [cfg:dwelltime-rtsp-multi] - INFO - ======================================================================

2026-02-16 19:56:12 - yoi.engine - [cfg:dwelltime-rtsp-multi] - INFO - Initializing YOI Vision Engine: dwelltime-rtsp-multi
2026-02-16 19:56:12 - yoi.engine - [cfg:dwelltime-rtsp-multi] - INFO - CCTV ID: malioboro_multi
2026-02-16 19:56:12 - yoi.engine - [cfg:dwelltime-rtsp-multi] - INFO - Feature: dwell_time
2026-02-16 19:56:12 - yoi.engine - [cfg:dwelltime-rtsp-multi] - INFO - STAGE 1/6 - ENGINE INIT
2026-02-16 19:56:20 - yoi.engine - [cfg:dwelltime-rtsp-multi] - INFO - Video reader ready: rtsp://sByvB196wlWdScHBx0mu6u6e4umlJiZb:DUt9lpjFGCh1V23851FsV@test.rtsp.stream/people
2026-02-16 19:56:20 - yoi.engine - [cfg:dwelltime-rtsp-multi] - INFO - STAGE 2/6 - INPUT READY
2026-02-16 19:56:20 - yoi.engine - [cfg:dwelltime-rtsp-multi] - INFO - YOLO inference engine initialized
2026-02-16 19:56:20 - yoi.engine - [cfg:dwelltime-rtsp-multi] - INFO - STAGE 3/6 - MODEL READY
2026-02-16 19:56:20 - yoi.engine - [cfg:dwelltime-rtsp-multi] - INFO - Object tracker initialized
2026-02-16 19:56:20 - yoi.engine - [cfg:dwelltime-rtsp-multi] - INFO - Feature engine initialized: dwell_time
2026-02-16 19:56:20 - yoi.engine - [cfg:dwelltime-rtsp-multi] - INFO - Analytics engine initialized (FPS: 29.97002997002997, Min dwell: 10s)
2026-02-16 19:56:21 - yoi.engine - [cfg:dwelltime-rtsp-multi] - INFO - RTSP OUTPUT: streaming annotated video to rtsp://mediamtx:8554/dwelltime-rtsp-multi
2026-02-16 19:56:21 - yoi.engine - [cfg:dwelltime-rtsp-multi] - INFO - RTSP endpoint internal for 'dwelltime-rtsp-multi': rtsp://mediamtx:8554/dwelltime-rtsp-multi
2026-02-16 19:56:21 - yoi.engine - [cfg:dwelltime-rtsp-multi] - INFO - RTSP endpoint external for 'dwelltime-rtsp-multi': rtsp://localhost:6554/dwelltime-rtsp-multi
2026-02-16 19:56:21 - yoi.engine - [cfg:dwelltime-rtsp-multi] - INFO - Output engines initialized: logs\dwelltime-rtsp-multi\people_20260216-125620
2026-02-16 19:56:21 - yoi.engine - [cfg:dwelltime-rtsp-multi] - INFO - STAGE 4/6 - OUTPUT/RTSP READY
2026-02-16 19:56:21 - yoi.engine - [cfg:dwelltime-rtsp-multi] - INFO - Starting video processing...
2026-02-16 19:56:21 - yoi.engine - [cfg:dwelltime-rtsp-multi] - INFO - STAGE 5/6 - PRE-INFERENCE CHECKS
2026-02-16 19:56:21 - yoi.engine - [cfg:dwelltime-rtsp-multi] - INFO - RTSP OUTPUT: cooldown 10s before inference (allow publisher/clients stabilize)
2026-02-16 19:56:31 - yoi.engine - [cfg:dwelltime-rtsp-multi] - INFO - STAGE 6/6 - INFERENCE STARTED
2026-02-16 19:56:59 - yoi.engine - [cfg:global] - INFO - 
======================================================================
2026-02-16 19:56:59 - yoi.engine - [cfg:global] - INFO - ENGINE: STARTUP
2026-02-16 19:56:59 - yoi.engine - [cfg:global] - INFO - ======================================================================
2026-02-16 19:56:59 - yoi.engine - [cfg:global] - INFO - Working dir : D:\AssistXenterprise\yoi
2026-02-16 19:56:59 - yoi.engine - [cfg:global] - INFO - Python      : 3.12.12
2026-02-16 19:56:59 - yoi.engine - [cfg:global] - INFO - YOI Version : 1.0.0
2026-02-16 19:56:59 - yoi.engine - [cfg:global] - INFO - Runtime     : profile=cpu (source=YOI_RUNTIME_PROFILE), target_device=cpu, strict=0
2026-02-16 19:56:59 - yoi.engine - [cfg:global] - INFO - CUDA Visible: <unset>
2026-02-16 19:56:59 - yoi.engine - [cfg:global] - INFO - Credits     : by hafizalfariz
2026-02-16 19:56:59 - yoi.engine - [cfg:global] - INFO - ======================================================================

2026-02-16 19:56:59 - yoi.engine - [cfg:global] - INFO - STEP 1/4 - Validating models...
2026-02-16 19:56:59 - yoi.engine - [cfg:global] - INFO - ======================================================================
2026-02-16 19:56:59 - yoi.engine - [cfg:global] - INFO - MODEL VALIDATION
2026-02-16 19:56:59 - yoi.engine - [cfg:global] - INFO - ======================================================================
2026-02-16 19:56:59 - yoi.engine - [cfg:global] - INFO - Models directory found: D:\AssistXenterprise\yoi\models
2026-02-16 19:56:59 - yoi.engine - [cfg:global] - INFO - Found 2 model directory(ies):
2026-02-16 19:56:59 - yoi.engine - [cfg:global] - INFO -   person_general_detection
2026-02-16 19:56:59 - yoi.engine - [cfg:global] - INFO -      - best.onnx
2026-02-16 19:56:59 - yoi.engine - [cfg:global] - INFO -      - best.pt
2026-02-16 19:56:59 - yoi.engine - [cfg:global] - INFO -      - metadata.yaml
2026-02-16 19:56:59 - yoi.engine - [cfg:global] - INFO -   person_office_detection_v31
2026-02-16 19:56:59 - yoi.engine - [cfg:global] - INFO -      - best.onnx
2026-02-16 19:56:59 - yoi.engine - [cfg:global] - WARNING -      No metadata.yaml found
2026-02-16 19:56:59 - yoi.engine - [cfg:global] - INFO - ======================================================================
2026-02-16 19:56:59 - yoi.engine - [cfg:global] - INFO - STEP 1/4 - MODELS OK
2026-02-16 19:56:59 - yoi.engine - [cfg:global] - INFO - STEP 2/4 - Loading configuration...
2026-02-16 19:56:59 - yoi.engine - [cfg:global] - INFO - ======================================================================
2026-02-16 19:56:59 - yoi.engine - [cfg:global] - INFO - CONFIG VALIDATION
2026-02-16 19:56:59 - yoi.engine - [cfg:global] - INFO - ======================================================================
2026-02-16 19:56:59 - yoi.engine - [cfg:global] - INFO - Config file found: D:\AssistXenterprise\yoi\configs\app\dwelltime-rtsp-multi.yaml
2026-02-16 19:56:59 - yoi.engine - [cfg:global] - INFO -   - File size: 1443 bytes
2026-02-16 19:56:59 - yoi.engine - [cfg:global] - INFO -   - File type: .yaml
2026-02-16 19:56:59 - yoi.engine - [cfg:global] - INFO - Config parsed successfully
2026-02-16 19:56:59 - yoi.engine - [cfg:global] - INFO -   - Config name: dwelltime-rtsp-multi
2026-02-16 19:56:59 - yoi.engine - [cfg:global] - INFO -   - CCTV ID: malioboro_multi
2026-02-16 19:56:59 - yoi.engine - [cfg:global] - INFO -   - Feature: dwell_time
2026-02-16 19:56:59 - yoi.engine - [cfg:global] - INFO -   - Input source: None
2026-02-16 19:56:59 - yoi.engine - [cfg:global] - INFO - ======================================================================
2026-02-16 19:56:59 - yoi.engine - [cfg:dwelltime-rtsp-multi] - INFO - Config loaded successfully: D:\AssistXenterprise\yoi\configs\app\dwelltime-rtsp-multi.yaml
2026-02-16 19:56:59 - yoi.engine - [cfg:dwelltime-rtsp-multi] - INFO - STEP 2/4 - CONFIG OK (from --config)
2026-02-16 19:56:59 - yoi.engine - [cfg:dwelltime-rtsp-multi] - INFO - 
======================================================================
2026-02-16 19:56:59 - yoi.engine - [cfg:dwelltime-rtsp-multi] - INFO - RUN 1/1 - ACTIVE CONFIG: D:\AssistXenterprise\yoi\configs\app\dwelltime-rtsp-multi.yaml
2026-02-16 19:56:59 - yoi.engine - [cfg:dwelltime-rtsp-multi] - INFO - ======================================================================
2026-02-16 19:56:59 - yoi.engine - [cfg:dwelltime-rtsp-multi] - INFO - STEP 3/4 - INPUT SUMMARY
2026-02-16 19:56:59 - yoi.engine - [cfg:dwelltime-rtsp-multi] - INFO -   - Type : rtsp
2026-02-16 19:56:59 - yoi.engine - [cfg:dwelltime-rtsp-multi] - INFO -   - Source: rtsp://sByvB196wlWdScHBx0mu6u6e4umlJiZb:DUt9lpjFGCh1V23851FsV@test.rtsp.stream/people
2026-02-16 19:56:59 - yoi.engine - [cfg:dwelltime-rtsp-multi] - INFO -   - RTSP MODE: rtsp://sByvB196wlWdScHBx0mu6u6e4umlJiZb:DUt9lpjFGCh1V23851FsV@test.rtsp.stream/people
2026-02-16 19:56:59 - yoi.engine - [cfg:dwelltime-rtsp-multi] - INFO - OUTPUT: dashboard URL configured
2026-02-16 19:56:59 - yoi.engine - [cfg:dwelltime-rtsp-multi] - INFO -   - Dashboard: 0.0.0.0
2026-02-16 19:56:59 - yoi.engine - [cfg:dwelltime-rtsp-multi] - INFO - 
======================================================================
2026-02-16 19:56:59 - yoi.engine - [cfg:dwelltime-rtsp-multi] - INFO - STEP 4/4 - STARTING INFERENCE ENGINE
2026-02-16 19:56:59 - yoi.engine - [cfg:dwelltime-rtsp-multi] - INFO - ======================================================================

2026-02-16 19:56:59 - yoi.engine - [cfg:dwelltime-rtsp-multi] - INFO - Initializing YOI Vision Engine: dwelltime-rtsp-multi
2026-02-16 19:56:59 - yoi.engine - [cfg:dwelltime-rtsp-multi] - INFO - CCTV ID: malioboro_multi
2026-02-16 19:56:59 - yoi.engine - [cfg:dwelltime-rtsp-multi] - INFO - Feature: dwell_time
2026-02-16 19:56:59 - yoi.engine - [cfg:dwelltime-rtsp-multi] - INFO - STAGE 1/6 - ENGINE INIT
2026-02-16 19:57:01 - yoi.engine - [cfg:dwelltime-rtsp-multi] - INFO - Video reader ready: rtsp://sByvB196wlWdScHBx0mu6u6e4umlJiZb:DUt9lpjFGCh1V23851FsV@test.rtsp.stream/people
2026-02-16 19:57:01 - yoi.engine - [cfg:dwelltime-rtsp-multi] - INFO - STAGE 2/6 - INPUT READY
2026-02-16 19:57:02 - yoi.engine - [cfg:dwelltime-rtsp-multi] - INFO - YOLO inference engine initialized
2026-02-16 19:57:02 - yoi.engine - [cfg:dwelltime-rtsp-multi] - INFO - STAGE 3/6 - MODEL READY
2026-02-16 19:57:02 - yoi.engine - [cfg:dwelltime-rtsp-multi] - INFO - Object tracker initialized
2026-02-16 19:57:02 - yoi.engine - [cfg:dwelltime-rtsp-multi] - INFO - Feature engine initialized: dwell_time
2026-02-16 19:57:02 - yoi.engine - [cfg:dwelltime-rtsp-multi] - INFO - Analytics engine initialized (FPS: 29.97002997002997, Min dwell: 10s)
2026-02-16 19:57:03 - yoi.engine - [cfg:dwelltime-rtsp-multi] - INFO - RTSP OUTPUT: streaming annotated video to rtsp://mediamtx:8554/dwelltime-rtsp-multi
2026-02-16 19:57:03 - yoi.engine - [cfg:dwelltime-rtsp-multi] - INFO - RTSP endpoint internal for 'dwelltime-rtsp-multi': rtsp://mediamtx:8554/dwelltime-rtsp-multi
2026-02-16 19:57:03 - yoi.engine - [cfg:dwelltime-rtsp-multi] - INFO - RTSP endpoint external for 'dwelltime-rtsp-multi': rtsp://localhost:6554/dwelltime-rtsp-multi
2026-02-16 19:57:03 - yoi.engine - [cfg:dwelltime-rtsp-multi] - INFO - Output engines initialized: logs\dwelltime-rtsp-multi\people_20260216-125702
2026-02-16 19:57:03 - yoi.engine - [cfg:dwelltime-rtsp-multi] - INFO - STAGE 4/6 - OUTPUT/RTSP READY
2026-02-16 19:57:03 - yoi.engine - [cfg:dwelltime-rtsp-multi] - WARNING - Inference runtime limit enabled: 5.00 second(s)
2026-02-16 19:57:03 - yoi.engine - [cfg:dwelltime-rtsp-multi] - INFO - Starting video processing...
2026-02-16 19:57:03 - yoi.engine - [cfg:dwelltime-rtsp-multi] - INFO - STAGE 5/6 - PRE-INFERENCE CHECKS
2026-02-16 19:57:03 - yoi.engine - [cfg:dwelltime-rtsp-multi] - INFO - RTSP OUTPUT: cooldown 10s before inference (allow publisher/clients stabilize)
2026-02-16 19:57:13 - yoi.engine - [cfg:dwelltime-rtsp-multi] - INFO - STAGE 6/6 - INFERENCE STARTED
2026-02-16 19:57:14 - yoi.engine - [cfg:dwelltime-rtsp-multi] - INFO - Frame 0 - Feature metrics: {'feature': 'dwell_time', 'regions': {'region_1': {'current_dwelling': 1, 'current_dwell_times': [0.03333333333333333], 'total_completed': 0, 'avg_dwell_seconds': 0, 'max_dwell_seconds': 0, 'min_dwell_seconds': 0}}, 'inside_track_ids': [4], 'alerted_track_ids': [], 'overall_avg_dwell_seconds': 0, 'overall_max_dwell_seconds': 0, 'total_dwells_recorded': 0, 'alerts_count': 0}
2026-02-16 19:57:14 - yoi.engine - [cfg:dwelltime-rtsp-multi] - INFO - RTSP health [dwelltime-rtsp-multi]: status=up success=1 fail=0 recover=0 url=rtsp://mediamtx:8554/dwelltime-rtsp-multi
2026-02-16 19:57:16 - yoi.engine - [cfg:dwelltime-rtsp-multi] - INFO - Frame 10 - Feature metrics: {'feature': 'dwell_time', 'regions': {'region_1': {'current_dwelling': 0, 'current_dwell_times': [], 'total_completed': 0, 'avg_dwell_seconds': 0, 'max_dwell_seconds': 0, 'min_dwell_seconds': 0}}, 'inside_track_ids': [], 'alerted_track_ids': [], 'overall_avg_dwell_seconds': 0, 'overall_max_dwell_seconds': 0, 'total_dwells_recorded': 0, 'alerts_count': 0}
2026-02-16 19:57:17 - yoi.engine - [cfg:dwelltime-rtsp-multi] - INFO - Frame 20 - Feature metrics: {'feature': 'dwell_time', 'regions': {'region_1': {'current_dwelling': 0, 'current_dwell_times': [], 'total_completed': 0, 'avg_dwell_seconds': 0, 'max_dwell_seconds': 0, 'min_dwell_seconds': 0}}, 'inside_track_ids': [], 'alerted_track_ids': [], 'overall_avg_dwell_seconds': 0, 'overall_max_dwell_seconds': 0, 'total_dwells_recorded': 0, 'alerts_count': 0}
2026-02-16 19:57:18 - yoi.engine - [cfg:dwelltime-rtsp-multi] - WARNING - Graceful stop requested: max inference runtime reached (5.00 second(s))
2026-02-16 19:57:18 - yoi.engine - [cfg:dwelltime-rtsp-multi] - WARNING - Stopping processing loop at frame 28 due to runtime limit
2026-02-16 19:57:18 - yoi.engine - [cfg:dwelltime-rtsp-multi] - INFO - Cleaning up and saving outputs...
2026-02-16 19:57:18 - yoi.engine - [cfg:dwelltime-rtsp-multi] - INFO - Final feature metrics: {'feature': 'dwell_time', 'regions': {'region_1': {'current_dwelling': 0, 'current_dwell_times': [], 'total_completed': 0, 'avg_dwell_seconds': 0, 'max_dwell_seconds': 0, 'min_dwell_seconds': 0}}, 'inside_track_ids': [], 'alerted_track_ids': [], 'overall_avg_dwell_seconds': 0, 'overall_max_dwell_seconds': 0, 'total_dwells_recorded': 0, 'alerts_count': 0}
2026-02-16 19:57:20 - yoi.engine - [cfg:dwelltime-rtsp-multi] - INFO - ======================================================================
2026-02-16 19:57:20 - yoi.engine - [cfg:dwelltime-rtsp-multi] - INFO - Processing stopped gracefully (interrupted)
2026-02-16 19:57:20 - yoi.engine - [cfg:dwelltime-rtsp-multi] - INFO - Frames processed: 28
2026-02-16 19:57:20 - yoi.engine - [cfg:dwelltime-rtsp-multi] - INFO - Total time: 7.83 seconds
2026-02-16 19:57:20 - yoi.engine - [cfg:dwelltime-rtsp-multi] - INFO - Average FPS: 3.58
2026-02-16 19:57:20 - yoi.engine - [cfg:dwelltime-rtsp-multi] - INFO - Output directory: logs\dwelltime-rtsp-multi\people_20260216-125702
2026-02-16 19:57:20 - yoi.engine - [cfg:dwelltime-rtsp-multi] - INFO - ======================================================================
2026-02-16 19:57:20 - yoi.engine - [cfg:dwelltime-rtsp-multi] - INFO - 
======================================================================
2026-02-16 19:57:20 - yoi.engine - [cfg:dwelltime-rtsp-multi] - INFO - ENGINE: PROCESSING COMPLETED SUCCESSFULLY
2026-02-16 19:57:20 - yoi.engine - [cfg:dwelltime-rtsp-multi] - INFO - ======================================================================

2026-02-16 19:57:40 - yoi.engine - [cfg:global] - INFO - 
======================================================================
2026-02-16 19:57:40 - yoi.engine - [cfg:global] - INFO - ENGINE: STARTUP
2026-02-16 19:57:40 - yoi.engine - [cfg:global] - INFO - ======================================================================
2026-02-16 19:57:40 - yoi.engine - [cfg:global] - INFO - Working dir : D:\AssistXenterprise\yoi
2026-02-16 19:57:40 - yoi.engine - [cfg:global] - INFO - Python      : 3.12.12
2026-02-16 19:57:40 - yoi.engine - [cfg:global] - INFO - YOI Version : 1.0.0
2026-02-16 19:57:40 - yoi.engine - [cfg:global] - INFO - Runtime     : profile=gpu (source=YOI_RUNTIME_PROFILE), target_device=cpu, strict=0
2026-02-16 19:57:40 - yoi.engine - [cfg:global] - INFO - CUDA Visible: <unset>
2026-02-16 19:57:40 - yoi.engine - [cfg:global] - INFO - Credits     : by hafizalfariz
2026-02-16 19:57:40 - yoi.engine - [cfg:global] - INFO - ======================================================================

2026-02-16 19:57:40 - yoi.engine - [cfg:global] - INFO - STEP 1/4 - Validating models...
2026-02-16 19:57:40 - yoi.engine - [cfg:global] - INFO - ======================================================================
2026-02-16 19:57:40 - yoi.engine - [cfg:global] - INFO - MODEL VALIDATION
2026-02-16 19:57:40 - yoi.engine - [cfg:global] - INFO - ======================================================================
2026-02-16 19:57:40 - yoi.engine - [cfg:global] - INFO - Models directory found: D:\AssistXenterprise\yoi\models
2026-02-16 19:57:40 - yoi.engine - [cfg:global] - INFO - Found 2 model directory(ies):
2026-02-16 19:57:40 - yoi.engine - [cfg:global] - INFO -   person_general_detection
2026-02-16 19:57:40 - yoi.engine - [cfg:global] - INFO -      - best.onnx
2026-02-16 19:57:40 - yoi.engine - [cfg:global] - INFO -      - best.pt
2026-02-16 19:57:40 - yoi.engine - [cfg:global] - INFO -      - metadata.yaml
2026-02-16 19:57:40 - yoi.engine - [cfg:global] - INFO -   person_office_detection_v31
2026-02-16 19:57:40 - yoi.engine - [cfg:global] - INFO -      - best.onnx
2026-02-16 19:57:40 - yoi.engine - [cfg:global] - WARNING -      No metadata.yaml found
2026-02-16 19:57:40 - yoi.engine - [cfg:global] - INFO - ======================================================================
2026-02-16 19:57:40 - yoi.engine - [cfg:global] - INFO - STEP 1/4 - MODELS OK
2026-02-16 19:57:40 - yoi.engine - [cfg:global] - INFO - STEP 2/4 - Loading configuration...
2026-02-16 19:57:40 - yoi.engine - [cfg:global] - INFO - ======================================================================
2026-02-16 19:57:40 - yoi.engine - [cfg:global] - INFO - CONFIG VALIDATION
2026-02-16 19:57:40 - yoi.engine - [cfg:global] - INFO - ======================================================================
2026-02-16 19:57:40 - yoi.engine - [cfg:global] - INFO - Config file found: D:\AssistXenterprise\yoi\configs\app\dwelltime-rtsp-multi.yaml
2026-02-16 19:57:40 - yoi.engine - [cfg:global] - INFO -   - File size: 1443 bytes
2026-02-16 19:57:40 - yoi.engine - [cfg:global] - INFO -   - File type: .yaml
2026-02-16 19:57:40 - yoi.engine - [cfg:global] - INFO - Config parsed successfully
2026-02-16 19:57:40 - yoi.engine - [cfg:global] - INFO -   - Config name: dwelltime-rtsp-multi
2026-02-16 19:57:40 - yoi.engine - [cfg:global] - INFO -   - CCTV ID: malioboro_multi
2026-02-16 19:57:40 - yoi.engine - [cfg:global] - INFO -   - Feature: dwell_time
2026-02-16 19:57:40 - yoi.engine - [cfg:global] - INFO -   - Input source: None
2026-02-16 19:57:40 - yoi.engine - [cfg:global] - INFO - ======================================================================
2026-02-16 19:57:40 - yoi.engine - [cfg:dwelltime-rtsp-multi] - INFO - Config loaded successfully: D:\AssistXenterprise\yoi\configs\app\dwelltime-rtsp-multi.yaml
2026-02-16 19:57:40 - yoi.engine - [cfg:dwelltime-rtsp-multi] - INFO - STEP 2/4 - CONFIG OK (from --config)
2026-02-16 19:57:40 - yoi.engine - [cfg:dwelltime-rtsp-multi] - INFO - 
======================================================================
2026-02-16 19:57:40 - yoi.engine - [cfg:dwelltime-rtsp-multi] - INFO - RUN 1/1 - ACTIVE CONFIG: D:\AssistXenterprise\yoi\configs\app\dwelltime-rtsp-multi.yaml
2026-02-16 19:57:40 - yoi.engine - [cfg:dwelltime-rtsp-multi] - INFO - ======================================================================
2026-02-16 19:57:40 - yoi.engine - [cfg:dwelltime-rtsp-multi] - INFO - STEP 3/4 - INPUT SUMMARY
2026-02-16 19:57:40 - yoi.engine - [cfg:dwelltime-rtsp-multi] - INFO -   - Type : rtsp
2026-02-16 19:57:40 - yoi.engine - [cfg:dwelltime-rtsp-multi] - INFO -   - Source: rtsp://sByvB196wlWdScHBx0mu6u6e4umlJiZb:DUt9lpjFGCh1V23851FsV@test.rtsp.stream/people
2026-02-16 19:57:40 - yoi.engine - [cfg:dwelltime-rtsp-multi] - INFO -   - RTSP MODE: rtsp://sByvB196wlWdScHBx0mu6u6e4umlJiZb:DUt9lpjFGCh1V23851FsV@test.rtsp.stream/people
2026-02-16 19:57:40 - yoi.engine - [cfg:dwelltime-rtsp-multi] - INFO - OUTPUT: dashboard URL configured
2026-02-16 19:57:40 - yoi.engine - [cfg:dwelltime-rtsp-multi] - INFO -   - Dashboard: 0.0.0.0
2026-02-16 19:57:40 - yoi.engine - [cfg:dwelltime-rtsp-multi] - INFO - 
======================================================================
2026-02-16 19:57:40 - yoi.engine - [cfg:dwelltime-rtsp-multi] - INFO - STEP 4/4 - STARTING INFERENCE ENGINE
2026-02-16 19:57:40 - yoi.engine - [cfg:dwelltime-rtsp-multi] - INFO - ======================================================================

2026-02-16 19:57:40 - yoi.engine - [cfg:dwelltime-rtsp-multi] - INFO - Initializing YOI Vision Engine: dwelltime-rtsp-multi
2026-02-16 19:57:40 - yoi.engine - [cfg:dwelltime-rtsp-multi] - INFO - CCTV ID: malioboro_multi
2026-02-16 19:57:40 - yoi.engine - [cfg:dwelltime-rtsp-multi] - INFO - Feature: dwell_time
2026-02-16 19:57:40 - yoi.engine - [cfg:dwelltime-rtsp-multi] - INFO - STAGE 1/6 - ENGINE INIT
2026-02-16 19:57:44 - yoi.engine - [cfg:dwelltime-rtsp-multi] - INFO - Video reader ready: rtsp://sByvB196wlWdScHBx0mu6u6e4umlJiZb:DUt9lpjFGCh1V23851FsV@test.rtsp.stream/people
2026-02-16 19:57:44 - yoi.engine - [cfg:dwelltime-rtsp-multi] - INFO - STAGE 2/6 - INPUT READY
2026-02-16 19:57:44 - yoi.engine - [cfg:dwelltime-rtsp-multi] - INFO - YOLO inference engine initialized
2026-02-16 19:57:44 - yoi.engine - [cfg:dwelltime-rtsp-multi] - INFO - STAGE 3/6 - MODEL READY
2026-02-16 19:57:44 - yoi.engine - [cfg:dwelltime-rtsp-multi] - INFO - Object tracker initialized
2026-02-16 19:57:44 - yoi.engine - [cfg:dwelltime-rtsp-multi] - INFO - Feature engine initialized: dwell_time
2026-02-16 19:57:44 - yoi.engine - [cfg:dwelltime-rtsp-multi] - INFO - Analytics engine initialized (FPS: 29.97002997002997, Min dwell: 10s)
2026-02-16 19:57:45 - yoi.engine - [cfg:dwelltime-rtsp-multi] - INFO - RTSP OUTPUT: streaming annotated video to rtsp://mediamtx:8554/dwelltime-rtsp-multi
2026-02-16 19:57:45 - yoi.engine - [cfg:dwelltime-rtsp-multi] - INFO - RTSP endpoint internal for 'dwelltime-rtsp-multi': rtsp://mediamtx:8554/dwelltime-rtsp-multi
2026-02-16 19:57:45 - yoi.engine - [cfg:dwelltime-rtsp-multi] - INFO - RTSP endpoint external for 'dwelltime-rtsp-multi': rtsp://localhost:6554/dwelltime-rtsp-multi
2026-02-16 19:57:45 - yoi.engine - [cfg:dwelltime-rtsp-multi] - INFO - Output engines initialized: logs\dwelltime-rtsp-multi\people_20260216-125744
2026-02-16 19:57:45 - yoi.engine - [cfg:dwelltime-rtsp-multi] - INFO - STAGE 4/6 - OUTPUT/RTSP READY
2026-02-16 19:57:45 - yoi.engine - [cfg:dwelltime-rtsp-multi] - WARNING - Inference runtime limit enabled: 5.00 second(s)
2026-02-16 19:57:45 - yoi.engine - [cfg:dwelltime-rtsp-multi] - INFO - Starting video processing...
2026-02-16 19:57:45 - yoi.engine - [cfg:dwelltime-rtsp-multi] - INFO - STAGE 5/6 - PRE-INFERENCE CHECKS
2026-02-16 19:57:45 - yoi.engine - [cfg:dwelltime-rtsp-multi] - INFO - RTSP OUTPUT: cooldown 10s before inference (allow publisher/clients stabilize)
2026-02-16 19:57:55 - yoi.engine - [cfg:dwelltime-rtsp-multi] - INFO - STAGE 6/6 - INFERENCE STARTED
2026-02-16 19:57:56 - yoi.engine - [cfg:dwelltime-rtsp-multi] - INFO - Frame 0 - Feature metrics: {'feature': 'dwell_time', 'regions': {'region_1': {'current_dwelling': 1, 'current_dwell_times': [0.03333333333333333], 'total_completed': 0, 'avg_dwell_seconds': 0, 'max_dwell_seconds': 0, 'min_dwell_seconds': 0}}, 'inside_track_ids': [4], 'alerted_track_ids': [], 'overall_avg_dwell_seconds': 0, 'overall_max_dwell_seconds': 0, 'total_dwells_recorded': 0, 'alerts_count': 0}
2026-02-16 19:57:56 - yoi.engine - [cfg:dwelltime-rtsp-multi] - INFO - RTSP health [dwelltime-rtsp-multi]: status=up success=1 fail=0 recover=0 url=rtsp://mediamtx:8554/dwelltime-rtsp-multi
2026-02-16 19:57:57 - yoi.engine - [cfg:dwelltime-rtsp-multi] - INFO - Frame 10 - Feature metrics: {'feature': 'dwell_time', 'regions': {'region_1': {'current_dwelling': 0, 'current_dwell_times': [], 'total_completed': 0, 'avg_dwell_seconds': 0, 'max_dwell_seconds': 0, 'min_dwell_seconds': 0}}, 'inside_track_ids': [], 'alerted_track_ids': [], 'overall_avg_dwell_seconds': 0, 'overall_max_dwell_seconds': 0, 'total_dwells_recorded': 0, 'alerts_count': 0}
2026-02-16 19:57:58 - yoi.engine - [cfg:dwelltime-rtsp-multi] - INFO - Frame 20 - Feature metrics: {'feature': 'dwell_time', 'regions': {'region_1': {'current_dwelling': 0, 'current_dwell_times': [], 'total_completed': 0, 'avg_dwell_seconds': 0, 'max_dwell_seconds': 0, 'min_dwell_seconds': 0}}, 'inside_track_ids': [], 'alerted_track_ids': [], 'overall_avg_dwell_seconds': 0, 'overall_max_dwell_seconds': 0, 'total_dwells_recorded': 0, 'alerts_count': 0}
2026-02-16 19:57:59 - yoi.engine - [cfg:dwelltime-rtsp-multi] - INFO - Frame 30 - Feature metrics: {'feature': 'dwell_time', 'regions': {'region_1': {'current_dwelling': 0, 'current_dwell_times': [], 'total_completed': 0, 'avg_dwell_seconds': 0, 'max_dwell_seconds': 0, 'min_dwell_seconds': 0}}, 'inside_track_ids': [], 'alerted_track_ids': [], 'overall_avg_dwell_seconds': 0, 'overall_max_dwell_seconds': 0, 'total_dwells_recorded': 0, 'alerts_count': 0}
2026-02-16 19:58:00 - yoi.engine - [cfg:dwelltime-rtsp-multi] - INFO - Frame 40 - Feature metrics: {'feature': 'dwell_time', 'regions': {'region_1': {'current_dwelling': 0, 'current_dwell_times': [], 'total_completed': 0, 'avg_dwell_seconds': 0, 'max_dwell_seconds': 0, 'min_dwell_seconds': 0}}, 'inside_track_ids': [], 'alerted_track_ids': [], 'overall_avg_dwell_seconds': 0, 'overall_max_dwell_seconds': 0, 'total_dwells_recorded': 0, 'alerts_count': 0}
2026-02-16 19:58:00 - yoi.engine - [cfg:dwelltime-rtsp-multi] - WARNING - Graceful stop requested: max inference runtime reached (5.00 second(s))
2026-02-16 19:58:00 - yoi.engine - [cfg:dwelltime-rtsp-multi] - WARNING - Stopping processing loop at frame 41 due to runtime limit
2026-02-16 19:58:00 - yoi.engine - [cfg:dwelltime-rtsp-multi] - INFO - Cleaning up and saving outputs...
2026-02-16 19:58:00 - yoi.engine - [cfg:dwelltime-rtsp-multi] - INFO - Final feature metrics: {'feature': 'dwell_time', 'regions': {'region_1': {'current_dwelling': 0, 'current_dwell_times': [], 'total_completed': 0, 'avg_dwell_seconds': 0, 'max_dwell_seconds': 0, 'min_dwell_seconds': 0}}, 'inside_track_ids': [], 'alerted_track_ids': [], 'overall_avg_dwell_seconds': 0, 'overall_max_dwell_seconds': 0, 'total_dwells_recorded': 0, 'alerts_count': 0}
2026-02-16 19:58:03 - yoi.engine - [cfg:dwelltime-rtsp-multi] - INFO - ======================================================================
2026-02-16 19:58:03 - yoi.engine - [cfg:dwelltime-rtsp-multi] - INFO - Processing stopped gracefully (interrupted)
2026-02-16 19:58:03 - yoi.engine - [cfg:dwelltime-rtsp-multi] - INFO - Frames processed: 41
2026-02-16 19:58:03 - yoi.engine - [cfg:dwelltime-rtsp-multi] - INFO - Total time: 7.82 seconds
2026-02-16 19:58:03 - yoi.engine - [cfg:dwelltime-rtsp-multi] - INFO - Average FPS: 5.25
2026-02-16 19:58:03 - yoi.engine - [cfg:dwelltime-rtsp-multi] - INFO - Output directory: logs\dwelltime-rtsp-multi\people_20260216-125744
2026-02-16 19:58:03 - yoi.engine - [cfg:dwelltime-rtsp-multi] - INFO - ======================================================================
2026-02-16 19:58:03 - yoi.engine - [cfg:dwelltime-rtsp-multi] - INFO - 
======================================================================
2026-02-16 19:58:03 - yoi.engine - [cfg:dwelltime-rtsp-multi] - INFO - ENGINE: PROCESSING COMPLETED SUCCESSFULLY
2026-02-16 19:58:03 - yoi.engine - [cfg:dwelltime-rtsp-multi] - INFO - ======================================================================

2026-02-16 19:58:21 - yoi.engine - [cfg:global] - INFO - 
======================================================================
2026-02-16 19:58:21 - yoi.engine - [cfg:global] - INFO - ENGINE: STARTUP
2026-02-16 19:58:21 - yoi.engine - [cfg:global] - INFO - ======================================================================
2026-02-16 19:58:21 - yoi.engine - [cfg:global] - INFO - Working dir : D:\AssistXenterprise\yoi
2026-02-16 19:58:21 - yoi.engine - [cfg:global] - INFO - Python      : 3.12.12
2026-02-16 19:58:21 - yoi.engine - [cfg:global] - INFO - YOI Version : 1.0.0
2026-02-16 19:58:21 - yoi.engine - [cfg:global] - INFO - Runtime     : profile=gpu (source=YOI_RUNTIME_PROFILE), target_device=cuda, strict=0
2026-02-16 19:58:21 - yoi.engine - [cfg:global] - INFO - CUDA Visible: <unset>
2026-02-16 19:58:21 - yoi.engine - [cfg:global] - INFO - Credits     : by hafizalfariz
2026-02-16 19:58:21 - yoi.engine - [cfg:global] - INFO - ======================================================================

2026-02-16 19:58:21 - yoi.engine - [cfg:global] - INFO - STEP 1/4 - Validating models...
2026-02-16 19:58:21 - yoi.engine - [cfg:global] - INFO - ======================================================================
2026-02-16 19:58:21 - yoi.engine - [cfg:global] - INFO - MODEL VALIDATION
2026-02-16 19:58:21 - yoi.engine - [cfg:global] - INFO - ======================================================================
2026-02-16 19:58:21 - yoi.engine - [cfg:global] - INFO - Models directory found: D:\AssistXenterprise\yoi\models
2026-02-16 19:58:21 - yoi.engine - [cfg:global] - INFO - Found 2 model directory(ies):
2026-02-16 19:58:21 - yoi.engine - [cfg:global] - INFO -   person_general_detection
2026-02-16 19:58:21 - yoi.engine - [cfg:global] - INFO -      - best.onnx
2026-02-16 19:58:21 - yoi.engine - [cfg:global] - INFO -      - best.pt
2026-02-16 19:58:21 - yoi.engine - [cfg:global] - INFO -      - metadata.yaml
2026-02-16 19:58:21 - yoi.engine - [cfg:global] - INFO -   person_office_detection_v31
2026-02-16 19:58:21 - yoi.engine - [cfg:global] - INFO -      - best.onnx
2026-02-16 19:58:21 - yoi.engine - [cfg:global] - WARNING -      No metadata.yaml found
2026-02-16 19:58:21 - yoi.engine - [cfg:global] - INFO - ======================================================================
2026-02-16 19:58:21 - yoi.engine - [cfg:global] - INFO - STEP 1/4 - MODELS OK
2026-02-16 19:58:21 - yoi.engine - [cfg:global] - INFO - STEP 2/4 - Loading configuration...
2026-02-16 19:58:21 - yoi.engine - [cfg:global] - INFO - ======================================================================
2026-02-16 19:58:21 - yoi.engine - [cfg:global] - INFO - CONFIG VALIDATION
2026-02-16 19:58:21 - yoi.engine - [cfg:global] - INFO - ======================================================================
2026-02-16 19:58:21 - yoi.engine - [cfg:global] - INFO - Config file found: D:\AssistXenterprise\yoi\configs\app\dwelltime-rtsp-multi.yaml
2026-02-16 19:58:21 - yoi.engine - [cfg:global] - INFO -   - File size: 1443 bytes
2026-02-16 19:58:21 - yoi.engine - [cfg:global] - INFO -   - File type: .yaml
2026-02-16 19:58:21 - yoi.engine - [cfg:global] - INFO - Config parsed successfully
2026-02-16 19:58:21 - yoi.engine - [cfg:global] - INFO -   - Config name: dwelltime-rtsp-multi
2026-02-16 19:58:21 - yoi.engine - [cfg:global] - INFO -   - CCTV ID: malioboro_multi
2026-02-16 19:58:21 - yoi.engine - [cfg:global] - INFO -   - Feature: dwell_time
2026-02-16 19:58:21 - yoi.engine - [cfg:global] - INFO -   - Input source: None
2026-02-16 19:58:21 - yoi.engine - [cfg:global] - INFO - ======================================================================
2026-02-16 19:58:21 - yoi.engine - [cfg:dwelltime-rtsp-multi] - INFO - Config loaded successfully: D:\AssistXenterprise\yoi\configs\app\dwelltime-rtsp-multi.yaml
2026-02-16 19:58:21 - yoi.engine - [cfg:dwelltime-rtsp-multi] - INFO - STEP 2/4 - CONFIG OK (from --config)
2026-02-16 19:58:21 - yoi.engine - [cfg:dwelltime-rtsp-multi] - INFO - 
======================================================================
2026-02-16 19:58:21 - yoi.engine - [cfg:dwelltime-rtsp-multi] - INFO - RUN 1/1 - ACTIVE CONFIG: D:\AssistXenterprise\yoi\configs\app\dwelltime-rtsp-multi.yaml
2026-02-16 19:58:21 - yoi.engine - [cfg:dwelltime-rtsp-multi] - INFO - ======================================================================
2026-02-16 19:58:21 - yoi.engine - [cfg:dwelltime-rtsp-multi] - INFO - STEP 3/4 - INPUT SUMMARY
2026-02-16 19:58:21 - yoi.engine - [cfg:dwelltime-rtsp-multi] - INFO -   - Type : rtsp
2026-02-16 19:58:21 - yoi.engine - [cfg:dwelltime-rtsp-multi] - INFO -   - Source: rtsp://sByvB196wlWdScHBx0mu6u6e4umlJiZb:DUt9lpjFGCh1V23851FsV@test.rtsp.stream/people
2026-02-16 19:58:21 - yoi.engine - [cfg:dwelltime-rtsp-multi] - INFO -   - RTSP MODE: rtsp://sByvB196wlWdScHBx0mu6u6e4umlJiZb:DUt9lpjFGCh1V23851FsV@test.rtsp.stream/people
2026-02-16 19:58:21 - yoi.engine - [cfg:dwelltime-rtsp-multi] - INFO - OUTPUT: dashboard URL configured
2026-02-16 19:58:21 - yoi.engine - [cfg:dwelltime-rtsp-multi] - INFO -   - Dashboard: 0.0.0.0
2026-02-16 19:58:21 - yoi.engine - [cfg:dwelltime-rtsp-multi] - INFO - 
======================================================================
2026-02-16 19:58:21 - yoi.engine - [cfg:dwelltime-rtsp-multi] - INFO - STEP 4/4 - STARTING INFERENCE ENGINE
2026-02-16 19:58:21 - yoi.engine - [cfg:dwelltime-rtsp-multi] - INFO - ======================================================================

2026-02-16 19:58:21 - yoi.engine - [cfg:dwelltime-rtsp-multi] - INFO - Initializing YOI Vision Engine: dwelltime-rtsp-multi
2026-02-16 19:58:21 - yoi.engine - [cfg:dwelltime-rtsp-multi] - INFO - CCTV ID: malioboro_multi
2026-02-16 19:58:21 - yoi.engine - [cfg:dwelltime-rtsp-multi] - INFO - Feature: dwell_time
2026-02-16 19:58:21 - yoi.engine - [cfg:dwelltime-rtsp-multi] - INFO - STAGE 1/6 - ENGINE INIT
2026-02-16 19:58:24 - yoi.engine - [cfg:dwelltime-rtsp-multi] - INFO - Video reader ready: rtsp://sByvB196wlWdScHBx0mu6u6e4umlJiZb:DUt9lpjFGCh1V23851FsV@test.rtsp.stream/people
2026-02-16 19:58:24 - yoi.engine - [cfg:dwelltime-rtsp-multi] - INFO - STAGE 2/6 - INPUT READY
2026-02-16 19:58:24 - yoi.engine - [cfg:dwelltime-rtsp-multi] - ERROR - Failed to initialize inference engine: Torch not compiled with CUDA enabled
2026-02-16 19:58:24 - yoi.engine - [cfg:dwelltime-rtsp-multi] - ERROR - Fatal error: Torch not compiled with CUDA enabled
Traceback (most recent call last):
  File "D:\AssistXenterprise\yoi\src\app\main.py", line 597, in main
    engine = VisionEngine(config)
             ^^^^^^^^^^^^^^^^^^^^
  File "D:\AssistXenterprise\yoi\yoi\components\engine.py", line 54, in __init__
    self._init_inference_engine()
  File "D:\AssistXenterprise\yoi\yoi\components\engine.py", line 230, in _init_inference_engine
    self.inferencer = YOLOInferencer(
                      ^^^^^^^^^^^^^^^
  File "D:\AssistXenterprise\yoi\yoi\inference\yolo.py", line 193, in __init__
    self.model.to(self.device)
  File "D:\AssistXenterprise\yoi\.venv\Lib\site-packages\torch\nn\modules\module.py", line 1381, in to
    return self._apply(convert)
           ^^^^^^^^^^^^^^^^^^^^
  File "D:\AssistXenterprise\yoi\.venv\Lib\site-packages\ultralytics\engine\model.py", line 852, in _apply
    self = super()._apply(fn)
           ^^^^^^^^^^^^^^^^^^
  File "D:\AssistXenterprise\yoi\.venv\Lib\site-packages\torch\nn\modules\module.py", line 933, in _apply
    module._apply(fn)
  File "D:\AssistXenterprise\yoi\.venv\Lib\site-packages\ultralytics\nn\tasks.py", line 286, in _apply
    self = super()._apply(fn)
           ^^^^^^^^^^^^^^^^^^
  File "D:\AssistXenterprise\yoi\.venv\Lib\site-packages\torch\nn\modules\module.py", line 933, in _apply
    module._apply(fn)
  File "D:\AssistXenterprise\yoi\.venv\Lib\site-packages\torch\nn\modules\module.py", line 933, in _apply
    module._apply(fn)
  File "D:\AssistXenterprise\yoi\.venv\Lib\site-packages\torch\nn\modules\module.py", line 933, in _apply
    module._apply(fn)
  File "D:\AssistXenterprise\yoi\.venv\Lib\site-packages\torch\nn\modules\module.py", line 964, in _apply
    param_applied = fn(param)
                    ^^^^^^^^^
  File "D:\AssistXenterprise\yoi\.venv\Lib\site-packages\torch\nn\modules\module.py", line 1367, in convert
    return t.to(
           ^^^^^
  File "D:\AssistXenterprise\yoi\.venv\Lib\site-packages\torch\cuda\__init__.py", line 417, in _lazy_init
    raise AssertionError("Torch not compiled with CUDA enabled")
AssertionError: Torch not compiled with CUDA enabled
2026-02-16 19:58:24 - yoi.engine - [cfg:dwelltime-rtsp-multi] - INFO - ======================================================================

2026-02-16 20:00:28 - yoi.engine - [cfg:global] - INFO - 
======================================================================
2026-02-16 20:00:28 - yoi.engine - [cfg:global] - INFO - ENGINE: STARTUP
2026-02-16 20:00:28 - yoi.engine - [cfg:global] - INFO - ======================================================================
2026-02-16 20:00:28 - yoi.engine - [cfg:global] - INFO - Working dir : D:\AssistXenterprise\yoi
2026-02-16 20:00:28 - yoi.engine - [cfg:global] - INFO - Python      : 3.12.12
2026-02-16 20:00:28 - yoi.engine - [cfg:global] - INFO - YOI Version : 1.0.0
2026-02-16 20:00:28 - yoi.engine - [cfg:global] - INFO - Runtime     : profile=gpu (source=YOI_RUNTIME_PROFILE), target_device=cuda, strict=0
2026-02-16 20:00:28 - yoi.engine - [cfg:global] - INFO - CUDA Visible: <unset>
2026-02-16 20:00:28 - yoi.engine - [cfg:global] - INFO - Credits     : by hafizalfariz
2026-02-16 20:00:28 - yoi.engine - [cfg:global] - INFO - ======================================================================

2026-02-16 20:00:28 - yoi.engine - [cfg:global] - INFO - STEP 1/4 - Validating models...
2026-02-16 20:00:28 - yoi.engine - [cfg:global] - INFO - ======================================================================
2026-02-16 20:00:28 - yoi.engine - [cfg:global] - INFO - MODEL VALIDATION
2026-02-16 20:00:28 - yoi.engine - [cfg:global] - INFO - ======================================================================
2026-02-16 20:00:28 - yoi.engine - [cfg:global] - INFO - Models directory found: D:\AssistXenterprise\yoi\models
2026-02-16 20:00:28 - yoi.engine - [cfg:global] - INFO - Found 2 model directory(ies):
2026-02-16 20:00:28 - yoi.engine - [cfg:global] - INFO -   person_general_detection
2026-02-16 20:00:28 - yoi.engine - [cfg:global] - INFO -      - best.onnx
2026-02-16 20:00:28 - yoi.engine - [cfg:global] - INFO -      - best.pt
2026-02-16 20:00:28 - yoi.engine - [cfg:global] - INFO -      - metadata.yaml
2026-02-16 20:00:28 - yoi.engine - [cfg:global] - INFO -   person_office_detection_v31
2026-02-16 20:00:28 - yoi.engine - [cfg:global] - INFO -      - best.onnx
2026-02-16 20:00:28 - yoi.engine - [cfg:global] - WARNING -      No metadata.yaml found
2026-02-16 20:00:28 - yoi.engine - [cfg:global] - INFO - ======================================================================
2026-02-16 20:00:28 - yoi.engine - [cfg:global] - INFO - STEP 1/4 - MODELS OK
2026-02-16 20:00:28 - yoi.engine - [cfg:global] - INFO - STEP 2/4 - Loading configuration...
2026-02-16 20:00:28 - yoi.engine - [cfg:global] - INFO - ======================================================================
2026-02-16 20:00:28 - yoi.engine - [cfg:global] - INFO - CONFIG VALIDATION
2026-02-16 20:00:28 - yoi.engine - [cfg:global] - INFO - ======================================================================
2026-02-16 20:00:28 - yoi.engine - [cfg:global] - INFO - Config file found: D:\AssistXenterprise\yoi\configs\app\dwelltime-rtsp-multi.yaml
2026-02-16 20:00:28 - yoi.engine - [cfg:global] - INFO -   - File size: 1443 bytes
2026-02-16 20:00:28 - yoi.engine - [cfg:global] - INFO -   - File type: .yaml
2026-02-16 20:00:28 - yoi.engine - [cfg:global] - INFO - Config parsed successfully
2026-02-16 20:00:28 - yoi.engine - [cfg:global] - INFO -   - Config name: dwelltime-rtsp-multi
2026-02-16 20:00:28 - yoi.engine - [cfg:global] - INFO -   - CCTV ID: malioboro_multi
2026-02-16 20:00:28 - yoi.engine - [cfg:global] - INFO -   - Feature: dwell_time
2026-02-16 20:00:28 - yoi.engine - [cfg:global] - INFO -   - Input source: None
2026-02-16 20:00:28 - yoi.engine - [cfg:global] - INFO - ======================================================================
2026-02-16 20:00:28 - yoi.engine - [cfg:dwelltime-rtsp-multi] - INFO - Config loaded successfully: D:\AssistXenterprise\yoi\configs\app\dwelltime-rtsp-multi.yaml
2026-02-16 20:00:28 - yoi.engine - [cfg:dwelltime-rtsp-multi] - INFO - STEP 2/4 - CONFIG OK (from --config)
2026-02-16 20:00:28 - yoi.engine - [cfg:dwelltime-rtsp-multi] - INFO - 
======================================================================
2026-02-16 20:00:28 - yoi.engine - [cfg:dwelltime-rtsp-multi] - INFO - RUN 1/1 - ACTIVE CONFIG: D:\AssistXenterprise\yoi\configs\app\dwelltime-rtsp-multi.yaml
2026-02-16 20:00:28 - yoi.engine - [cfg:dwelltime-rtsp-multi] - INFO - ======================================================================
2026-02-16 20:00:28 - yoi.engine - [cfg:dwelltime-rtsp-multi] - INFO - STEP 3/4 - INPUT SUMMARY
2026-02-16 20:00:28 - yoi.engine - [cfg:dwelltime-rtsp-multi] - INFO -   - Type : rtsp
2026-02-16 20:00:28 - yoi.engine - [cfg:dwelltime-rtsp-multi] - INFO -   - Source: rtsp://sByvB196wlWdScHBx0mu6u6e4umlJiZb:DUt9lpjFGCh1V23851FsV@test.rtsp.stream/people
2026-02-16 20:00:28 - yoi.engine - [cfg:dwelltime-rtsp-multi] - INFO -   - RTSP MODE: rtsp://sByvB196wlWdScHBx0mu6u6e4umlJiZb:DUt9lpjFGCh1V23851FsV@test.rtsp.stream/people
2026-02-16 20:00:28 - yoi.engine - [cfg:dwelltime-rtsp-multi] - INFO - OUTPUT: dashboard URL configured
2026-02-16 20:00:28 - yoi.engine - [cfg:dwelltime-rtsp-multi] - INFO -   - Dashboard: 0.0.0.0
2026-02-16 20:00:28 - yoi.engine - [cfg:dwelltime-rtsp-multi] - INFO - 
======================================================================
2026-02-16 20:00:28 - yoi.engine - [cfg:dwelltime-rtsp-multi] - INFO - STEP 4/4 - STARTING INFERENCE ENGINE
2026-02-16 20:00:28 - yoi.engine - [cfg:dwelltime-rtsp-multi] - INFO - ======================================================================

2026-02-16 20:00:28 - yoi.engine - [cfg:dwelltime-rtsp-multi] - INFO - Initializing YOI Vision Engine: dwelltime-rtsp-multi
2026-02-16 20:00:28 - yoi.engine - [cfg:dwelltime-rtsp-multi] - INFO - CCTV ID: malioboro_multi
2026-02-16 20:00:28 - yoi.engine - [cfg:dwelltime-rtsp-multi] - INFO - Feature: dwell_time
2026-02-16 20:00:28 - yoi.engine - [cfg:dwelltime-rtsp-multi] - INFO - STAGE 1/6 - ENGINE INIT
2026-02-16 20:00:32 - yoi.engine - [cfg:dwelltime-rtsp-multi] - INFO - Video reader ready: rtsp://sByvB196wlWdScHBx0mu6u6e4umlJiZb:DUt9lpjFGCh1V23851FsV@test.rtsp.stream/people
2026-02-16 20:00:32 - yoi.engine - [cfg:dwelltime-rtsp-multi] - INFO - STAGE 2/6 - INPUT READY
2026-02-16 20:00:32 - yoi.engine - [cfg:dwelltime-rtsp-multi] - INFO - YOLO inference engine initialized
2026-02-16 20:00:32 - yoi.engine - [cfg:dwelltime-rtsp-multi] - INFO - STAGE 3/6 - MODEL READY
2026-02-16 20:00:32 - yoi.engine - [cfg:dwelltime-rtsp-multi] - INFO - Object tracker initialized
2026-02-16 20:00:32 - yoi.engine - [cfg:dwelltime-rtsp-multi] - INFO - Feature engine initialized: dwell_time
2026-02-16 20:00:32 - yoi.engine - [cfg:dwelltime-rtsp-multi] - INFO - Analytics engine initialized (FPS: 29.97002997002997, Min dwell: 10s)
2026-02-16 20:00:33 - yoi.engine - [cfg:dwelltime-rtsp-multi] - INFO - RTSP OUTPUT: streaming annotated video to rtsp://mediamtx:8554/dwelltime-rtsp-multi
2026-02-16 20:00:33 - yoi.engine - [cfg:dwelltime-rtsp-multi] - INFO - RTSP endpoint internal for 'dwelltime-rtsp-multi': rtsp://mediamtx:8554/dwelltime-rtsp-multi
2026-02-16 20:00:33 - yoi.engine - [cfg:dwelltime-rtsp-multi] - INFO - RTSP endpoint external for 'dwelltime-rtsp-multi': rtsp://localhost:6554/dwelltime-rtsp-multi
2026-02-16 20:00:33 - yoi.engine - [cfg:dwelltime-rtsp-multi] - INFO - Output engines initialized: logs\dwelltime-rtsp-multi\people_20260216-130032
2026-02-16 20:00:33 - yoi.engine - [cfg:dwelltime-rtsp-multi] - INFO - STAGE 4/6 - OUTPUT/RTSP READY
2026-02-16 20:00:33 - yoi.engine - [cfg:dwelltime-rtsp-multi] - WARNING - Inference runtime limit enabled: 5.00 second(s)
2026-02-16 20:00:33 - yoi.engine - [cfg:dwelltime-rtsp-multi] - INFO - Starting video processing...
2026-02-16 20:00:33 - yoi.engine - [cfg:dwelltime-rtsp-multi] - INFO - STAGE 5/6 - PRE-INFERENCE CHECKS
2026-02-16 20:00:33 - yoi.engine - [cfg:dwelltime-rtsp-multi] - INFO - RTSP OUTPUT: cooldown 10s before inference (allow publisher/clients stabilize)
2026-02-16 20:00:43 - yoi.engine - [cfg:dwelltime-rtsp-multi] - INFO - STAGE 6/6 - INFERENCE STARTED
2026-02-16 20:00:50 - yoi.engine - [cfg:dwelltime-rtsp-multi] - WARNING - Graceful stop requested: max inference runtime reached (5.00 second(s))
2026-02-16 20:00:50 - yoi.engine - [cfg:dwelltime-rtsp-multi] - WARNING - Stopping processing loop at frame 0 due to runtime limit
2026-02-16 20:00:50 - yoi.engine - [cfg:dwelltime-rtsp-multi] - INFO - Cleaning up and saving outputs...
2026-02-16 20:00:50 - yoi.engine - [cfg:dwelltime-rtsp-multi] - INFO - Final feature metrics: {'feature': 'dwell_time', 'regions': {'region_1': {'current_dwelling': 0, 'current_dwell_times': [], 'total_completed': 0, 'avg_dwell_seconds': 0, 'max_dwell_seconds': 0, 'min_dwell_seconds': 0}}, 'inside_track_ids': [], 'alerted_track_ids': [], 'overall_avg_dwell_seconds': 0, 'overall_max_dwell_seconds': 0, 'total_dwells_recorded': 0, 'alerts_count': 0}
2026-02-16 20:00:53 - yoi.engine - [cfg:dwelltime-rtsp-multi] - INFO - ======================================================================
2026-02-16 20:00:53 - yoi.engine - [cfg:dwelltime-rtsp-multi] - INFO - Processing stopped gracefully (interrupted)
2026-02-16 20:00:53 - yoi.engine - [cfg:dwelltime-rtsp-multi] - INFO - Frames processed: 0
2026-02-16 20:00:53 - yoi.engine - [cfg:dwelltime-rtsp-multi] - INFO - Total time: 9.71 seconds
2026-02-16 20:00:53 - yoi.engine - [cfg:dwelltime-rtsp-multi] - INFO - Average FPS: 0.00
2026-02-16 20:00:53 - yoi.engine - [cfg:dwelltime-rtsp-multi] - INFO - Output directory: logs\dwelltime-rtsp-multi\people_20260216-130032
2026-02-16 20:00:53 - yoi.engine - [cfg:dwelltime-rtsp-multi] - INFO - ======================================================================
2026-02-16 20:00:53 - yoi.engine - [cfg:dwelltime-rtsp-multi] - INFO - 
======================================================================
2026-02-16 20:00:53 - yoi.engine - [cfg:dwelltime-rtsp-multi] - INFO - ENGINE: PROCESSING COMPLETED SUCCESSFULLY
2026-02-16 20:00:53 - yoi.engine - [cfg:dwelltime-rtsp-multi] - INFO - ======================================================================

2026-02-16 20:07:46 - yoi.engine - [cfg:global] - INFO - 
======================================================================
2026-02-16 20:07:46 - yoi.engine - [cfg:global] - INFO - ENGINE: STARTUP
2026-02-16 20:07:46 - yoi.engine - [cfg:global] - INFO - ======================================================================
2026-02-16 20:07:46 - yoi.engine - [cfg:global] - INFO - Working dir : D:\AssistXenterprise\yoi
2026-02-16 20:07:46 - yoi.engine - [cfg:global] - INFO - Python      : 3.12.12
2026-02-16 20:07:46 - yoi.engine - [cfg:global] - INFO - YOI Version : 1.0.0
2026-02-16 20:07:46 - yoi.engine - [cfg:global] - INFO - Runtime     : profile=cpu (source=YOI_RUNTIME_PROFILE), target_device=cuda, strict=0
2026-02-16 20:07:46 - yoi.engine - [cfg:global] - INFO - CUDA Visible: <unset>
2026-02-16 20:07:46 - yoi.engine - [cfg:global] - INFO - Credits     : by hafizalfariz
2026-02-16 20:07:46 - yoi.engine - [cfg:global] - INFO - ======================================================================

2026-02-16 20:07:46 - yoi.engine - [cfg:global] - INFO - STEP 1/4 - Validating models...
2026-02-16 20:07:46 - yoi.engine - [cfg:global] - INFO - ======================================================================
2026-02-16 20:07:46 - yoi.engine - [cfg:global] - INFO - MODEL VALIDATION
2026-02-16 20:07:46 - yoi.engine - [cfg:global] - INFO - ======================================================================
2026-02-16 20:07:46 - yoi.engine - [cfg:global] - INFO - Models directory found: D:\AssistXenterprise\yoi\models
2026-02-16 20:07:46 - yoi.engine - [cfg:global] - INFO - Found 2 model directory(ies):
2026-02-16 20:07:46 - yoi.engine - [cfg:global] - INFO -   person_general_detection
2026-02-16 20:07:46 - yoi.engine - [cfg:global] - INFO -      - best.onnx
2026-02-16 20:07:46 - yoi.engine - [cfg:global] - INFO -      - best.pt
2026-02-16 20:07:46 - yoi.engine - [cfg:global] - INFO -      - metadata.yaml
2026-02-16 20:07:46 - yoi.engine - [cfg:global] - INFO -   person_office_detection_v31
2026-02-16 20:07:46 - yoi.engine - [cfg:global] - INFO -      - best.onnx
2026-02-16 20:07:46 - yoi.engine - [cfg:global] - WARNING -      No metadata.yaml found
2026-02-16 20:07:46 - yoi.engine - [cfg:global] - INFO - ======================================================================
2026-02-16 20:07:46 - yoi.engine - [cfg:global] - INFO - STEP 1/4 - MODELS OK
2026-02-16 20:07:46 - yoi.engine - [cfg:global] - INFO - STEP 2/4 - Loading configuration...
2026-02-16 20:07:46 - yoi.engine - [cfg:global] - INFO - ======================================================================
2026-02-16 20:07:46 - yoi.engine - [cfg:global] - INFO - CONFIG VALIDATION
2026-02-16 20:07:46 - yoi.engine - [cfg:global] - INFO - ======================================================================
2026-02-16 20:07:46 - yoi.engine - [cfg:global] - INFO - Config file found: D:\AssistXenterprise\yoi\configs\app\dwelltime-rtsp-multi.yaml
2026-02-16 20:07:46 - yoi.engine - [cfg:global] - INFO -   - File size: 1443 bytes
2026-02-16 20:07:46 - yoi.engine - [cfg:global] - INFO -   - File type: .yaml
2026-02-16 20:07:46 - yoi.engine - [cfg:global] - INFO - Config parsed successfully
2026-02-16 20:07:46 - yoi.engine - [cfg:global] - INFO -   - Config name: dwelltime-rtsp-multi
2026-02-16 20:07:46 - yoi.engine - [cfg:global] - INFO -   - CCTV ID: malioboro_multi
2026-02-16 20:07:46 - yoi.engine - [cfg:global] - INFO -   - Feature: dwell_time
2026-02-16 20:07:46 - yoi.engine - [cfg:global] - INFO -   - Input source: None
2026-02-16 20:07:46 - yoi.engine - [cfg:global] - INFO - ======================================================================
2026-02-16 20:07:46 - yoi.engine - [cfg:dwelltime-rtsp-multi] - INFO - Config loaded successfully: D:\AssistXenterprise\yoi\configs\app\dwelltime-rtsp-multi.yaml
2026-02-16 20:07:46 - yoi.engine - [cfg:dwelltime-rtsp-multi] - INFO - STEP 2/4 - CONFIG OK (from --config)
2026-02-16 20:07:46 - yoi.engine - [cfg:dwelltime-rtsp-multi] - INFO - 
======================================================================
2026-02-16 20:07:46 - yoi.engine - [cfg:dwelltime-rtsp-multi] - INFO - RUN 1/1 - ACTIVE CONFIG: D:\AssistXenterprise\yoi\configs\app\dwelltime-rtsp-multi.yaml
2026-02-16 20:07:46 - yoi.engine - [cfg:dwelltime-rtsp-multi] - INFO - ======================================================================
2026-02-16 20:07:46 - yoi.engine - [cfg:dwelltime-rtsp-multi] - INFO - STEP 3/4 - INPUT SUMMARY
2026-02-16 20:07:46 - yoi.engine - [cfg:dwelltime-rtsp-multi] - INFO -   - Type : rtsp
2026-02-16 20:07:46 - yoi.engine - [cfg:dwelltime-rtsp-multi] - INFO -   - Source: rtsp://sByvB196wlWdScHBx0mu6u6e4umlJiZb:DUt9lpjFGCh1V23851FsV@test.rtsp.stream/people
2026-02-16 20:07:46 - yoi.engine - [cfg:dwelltime-rtsp-multi] - INFO -   - RTSP MODE: rtsp://sByvB196wlWdScHBx0mu6u6e4umlJiZb:DUt9lpjFGCh1V23851FsV@test.rtsp.stream/people
2026-02-16 20:07:46 - yoi.engine - [cfg:dwelltime-rtsp-multi] - INFO - OUTPUT: dashboard URL configured
2026-02-16 20:07:46 - yoi.engine - [cfg:dwelltime-rtsp-multi] - INFO -   - Dashboard: 0.0.0.0
2026-02-16 20:07:46 - yoi.engine - [cfg:dwelltime-rtsp-multi] - INFO - 
======================================================================
2026-02-16 20:07:46 - yoi.engine - [cfg:dwelltime-rtsp-multi] - INFO - STEP 4/4 - STARTING INFERENCE ENGINE
2026-02-16 20:07:46 - yoi.engine - [cfg:dwelltime-rtsp-multi] - INFO - ======================================================================

2026-02-16 20:07:46 - yoi.engine - [cfg:dwelltime-rtsp-multi] - INFO - Initializing YOI Vision Engine: dwelltime-rtsp-multi
2026-02-16 20:07:46 - yoi.engine - [cfg:dwelltime-rtsp-multi] - INFO - CCTV ID: malioboro_multi
2026-02-16 20:07:46 - yoi.engine - [cfg:dwelltime-rtsp-multi] - INFO - Feature: dwell_time
2026-02-16 20:07:46 - yoi.engine - [cfg:dwelltime-rtsp-multi] - INFO - STAGE 1/6 - ENGINE INIT
2026-02-16 20:07:53 - yoi.engine - [cfg:dwelltime-rtsp-multi] - INFO - Video reader ready: rtsp://sByvB196wlWdScHBx0mu6u6e4umlJiZb:DUt9lpjFGCh1V23851FsV@test.rtsp.stream/people
2026-02-16 20:07:53 - yoi.engine - [cfg:dwelltime-rtsp-multi] - INFO - STAGE 2/6 - INPUT READY
2026-02-16 20:07:53 - yoi.engine - [cfg:dwelltime-rtsp-multi] - INFO - YOLO inference engine initialized
2026-02-16 20:07:53 - yoi.engine - [cfg:dwelltime-rtsp-multi] - INFO - STAGE 3/6 - MODEL READY
2026-02-16 20:07:53 - yoi.engine - [cfg:dwelltime-rtsp-multi] - INFO - Object tracker initialized
2026-02-16 20:07:53 - yoi.engine - [cfg:dwelltime-rtsp-multi] - INFO - Feature engine initialized: dwell_time
2026-02-16 20:07:53 - yoi.engine - [cfg:dwelltime-rtsp-multi] - INFO - Analytics engine initialized (FPS: 29.97002997002997, Min dwell: 10s)
2026-02-16 20:07:54 - yoi.engine - [cfg:dwelltime-rtsp-multi] - INFO - RTSP OUTPUT: streaming annotated video to rtsp://mediamtx:8554/dwelltime-rtsp-multi
2026-02-16 20:07:54 - yoi.engine - [cfg:dwelltime-rtsp-multi] - INFO - RTSP endpoint internal for 'dwelltime-rtsp-multi': rtsp://mediamtx:8554/dwelltime-rtsp-multi
2026-02-16 20:07:54 - yoi.engine - [cfg:dwelltime-rtsp-multi] - INFO - RTSP endpoint external for 'dwelltime-rtsp-multi': rtsp://localhost:6554/dwelltime-rtsp-multi
2026-02-16 20:07:54 - yoi.engine - [cfg:dwelltime-rtsp-multi] - INFO - Output engines initialized: logs\dwelltime-rtsp-multi\people_20260216-130753
2026-02-16 20:07:54 - yoi.engine - [cfg:dwelltime-rtsp-multi] - INFO - STAGE 4/6 - OUTPUT/RTSP READY
2026-02-16 20:07:54 - yoi.engine - [cfg:dwelltime-rtsp-multi] - WARNING - Inference runtime limit enabled: 3.00 second(s)
2026-02-16 20:07:54 - yoi.engine - [cfg:dwelltime-rtsp-multi] - INFO - Starting video processing...
2026-02-16 20:07:54 - yoi.engine - [cfg:dwelltime-rtsp-multi] - INFO - STAGE 5/6 - PRE-INFERENCE CHECKS
2026-02-16 20:07:54 - yoi.engine - [cfg:dwelltime-rtsp-multi] - INFO - RTSP OUTPUT: cooldown 10s before inference (allow publisher/clients stabilize)
2026-02-16 20:08:04 - yoi.engine - [cfg:dwelltime-rtsp-multi] - INFO - STAGE 6/6 - INFERENCE STARTED
2026-02-16 20:08:41 - yoi.engine - [cfg:dwelltime-rtsp-multi] - WARNING - Graceful stop requested: max inference runtime reached (3.00 second(s))
2026-02-16 20:08:41 - yoi.engine - [cfg:dwelltime-rtsp-multi] - WARNING - Stopping processing loop at frame 0 due to runtime limit
2026-02-16 20:08:41 - yoi.engine - [cfg:dwelltime-rtsp-multi] - INFO - Cleaning up and saving outputs...
2026-02-16 20:08:41 - yoi.engine - [cfg:dwelltime-rtsp-multi] - INFO - Final feature metrics: {'feature': 'dwell_time', 'regions': {'region_1': {'current_dwelling': 0, 'current_dwell_times': [], 'total_completed': 0, 'avg_dwell_seconds': 0, 'max_dwell_seconds': 0, 'min_dwell_seconds': 0}}, 'inside_track_ids': [], 'alerted_track_ids': [], 'overall_avg_dwell_seconds': 0, 'overall_max_dwell_seconds': 0, 'total_dwells_recorded': 0, 'alerts_count': 0}
2026-02-16 20:08:44 - yoi.engine - [cfg:dwelltime-rtsp-multi] - INFO - ======================================================================
2026-02-16 20:08:44 - yoi.engine - [cfg:dwelltime-rtsp-multi] - INFO - Processing stopped gracefully (interrupted)
2026-02-16 20:08:44 - yoi.engine - [cfg:dwelltime-rtsp-multi] - INFO - Frames processed: 0
2026-02-16 20:08:44 - yoi.engine - [cfg:dwelltime-rtsp-multi] - INFO - Total time: 39.92 seconds
2026-02-16 20:08:44 - yoi.engine - [cfg:dwelltime-rtsp-multi] - INFO - Average FPS: 0.00
2026-02-16 20:08:44 - yoi.engine - [cfg:dwelltime-rtsp-multi] - INFO - Output directory: logs\dwelltime-rtsp-multi\people_20260216-130753
2026-02-16 20:08:44 - yoi.engine - [cfg:dwelltime-rtsp-multi] - INFO - ======================================================================
2026-02-16 20:08:44 - yoi.engine - [cfg:dwelltime-rtsp-multi] - INFO - 
======================================================================
2026-02-16 20:08:44 - yoi.engine - [cfg:dwelltime-rtsp-multi] - INFO - ENGINE: PROCESSING COMPLETED SUCCESSFULLY
2026-02-16 20:08:44 - yoi.engine - [cfg:dwelltime-rtsp-multi] - INFO - ======================================================================

2026-02-16 20:08:53 - yoi.engine - [cfg:global] - INFO - 
======================================================================
2026-02-16 20:08:53 - yoi.engine - [cfg:global] - INFO - ENGINE: STARTUP
2026-02-16 20:08:53 - yoi.engine - [cfg:global] - INFO - ======================================================================
2026-02-16 20:08:53 - yoi.engine - [cfg:global] - INFO - Working dir : D:\AssistXenterprise\yoi
2026-02-16 20:08:53 - yoi.engine - [cfg:global] - INFO - Python      : 3.12.12
2026-02-16 20:08:53 - yoi.engine - [cfg:global] - INFO - YOI Version : 1.0.0
2026-02-16 20:08:53 - yoi.engine - [cfg:global] - INFO - Runtime     : profile=cpu (source=YOI_RUNTIME_PROFILE), target_device=cuda, strict=0
2026-02-16 20:08:53 - yoi.engine - [cfg:global] - INFO - CUDA Visible: <unset>
2026-02-16 20:08:53 - yoi.engine - [cfg:global] - INFO - Credits     : by hafizalfariz
2026-02-16 20:08:53 - yoi.engine - [cfg:global] - INFO - ======================================================================

2026-02-16 20:08:53 - yoi.engine - [cfg:global] - INFO - STEP 1/4 - Validating models...
2026-02-16 20:08:53 - yoi.engine - [cfg:global] - INFO - ======================================================================
2026-02-16 20:08:53 - yoi.engine - [cfg:global] - INFO - MODEL VALIDATION
2026-02-16 20:08:53 - yoi.engine - [cfg:global] - INFO - ======================================================================
2026-02-16 20:08:53 - yoi.engine - [cfg:global] - INFO - Models directory found: D:\AssistXenterprise\yoi\models
2026-02-16 20:08:53 - yoi.engine - [cfg:global] - INFO - Found 2 model directory(ies):
2026-02-16 20:08:53 - yoi.engine - [cfg:global] - INFO -   person_general_detection
2026-02-16 20:08:53 - yoi.engine - [cfg:global] - INFO -      - best.onnx
2026-02-16 20:08:53 - yoi.engine - [cfg:global] - INFO -      - best.pt
2026-02-16 20:08:53 - yoi.engine - [cfg:global] - INFO -      - metadata.yaml
2026-02-16 20:08:53 - yoi.engine - [cfg:global] - INFO -   person_office_detection_v31
2026-02-16 20:08:53 - yoi.engine - [cfg:global] - INFO -      - best.onnx
2026-02-16 20:08:53 - yoi.engine - [cfg:global] - WARNING -      No metadata.yaml found
2026-02-16 20:08:53 - yoi.engine - [cfg:global] - INFO - ======================================================================
2026-02-16 20:08:53 - yoi.engine - [cfg:global] - INFO - STEP 1/4 - MODELS OK
2026-02-16 20:08:53 - yoi.engine - [cfg:global] - INFO - STEP 2/4 - Loading configuration...
2026-02-16 20:08:53 - yoi.engine - [cfg:global] - INFO - ======================================================================
2026-02-16 20:08:53 - yoi.engine - [cfg:global] - INFO - CONFIG VALIDATION
2026-02-16 20:08:53 - yoi.engine - [cfg:global] - INFO - ======================================================================
2026-02-16 20:08:53 - yoi.engine - [cfg:global] - INFO - Config file found: D:\AssistXenterprise\yoi\configs\kluis-line.yaml
2026-02-16 20:08:53 - yoi.engine - [cfg:global] - INFO -   - File size: 1772 bytes
2026-02-16 20:08:53 - yoi.engine - [cfg:global] - INFO -   - File type: .yaml
2026-02-16 20:08:53 - yoi.engine - [cfg:global] - INFO - Config parsed successfully
2026-02-16 20:08:53 - yoi.engine - [cfg:global] - INFO -   - Config name: kluis-line
2026-02-16 20:08:53 - yoi.engine - [cfg:global] - INFO -   - CCTV ID: office
2026-02-16 20:08:53 - yoi.engine - [cfg:global] - INFO -   - Feature: line_cross
2026-02-16 20:08:53 - yoi.engine - [cfg:global] - INFO -   - Input source: None
2026-02-16 20:08:53 - yoi.engine - [cfg:global] - INFO - ======================================================================
2026-02-16 20:08:53 - yoi.engine - [cfg:kluis-line] - INFO - Config loaded successfully: D:\AssistXenterprise\yoi\configs\kluis-line.yaml
2026-02-16 20:08:53 - yoi.engine - [cfg:kluis-line] - INFO - STEP 2/4 - CONFIG OK (from --config)
2026-02-16 20:08:53 - yoi.engine - [cfg:kluis-line] - INFO - 
======================================================================
2026-02-16 20:08:53 - yoi.engine - [cfg:kluis-line] - INFO - RUN 1/1 - ACTIVE CONFIG: D:\AssistXenterprise\yoi\configs\kluis-line.yaml
2026-02-16 20:08:53 - yoi.engine - [cfg:kluis-line] - INFO - ======================================================================
2026-02-16 20:08:53 - yoi.engine - [cfg:kluis-line] - INFO - STEP 3/4 - INPUT SUMMARY
2026-02-16 20:08:53 - yoi.engine - [cfg:kluis-line] - INFO -   - Type : video
2026-02-16 20:08:53 - yoi.engine - [cfg:kluis-line] - INFO -   - Source: input/19.mp4
2026-02-16 20:08:53 - yoi.engine - [cfg:kluis-line] - INFO - OUTPUT: dashboard URL configured
2026-02-16 20:08:53 - yoi.engine - [cfg:kluis-line] - INFO -   - Dashboard: 0.0.0.0
2026-02-16 20:08:53 - yoi.engine - [cfg:kluis-line] - INFO - 
======================================================================
2026-02-16 20:08:53 - yoi.engine - [cfg:kluis-line] - INFO - STEP 4/4 - STARTING INFERENCE ENGINE
2026-02-16 20:08:53 - yoi.engine - [cfg:kluis-line] - INFO - ======================================================================

2026-02-16 20:08:53 - yoi.engine - [cfg:kluis-line] - INFO - Initializing YOI Vision Engine: kluis-line
2026-02-16 20:08:53 - yoi.engine - [cfg:kluis-line] - INFO - CCTV ID: office
2026-02-16 20:08:53 - yoi.engine - [cfg:kluis-line] - INFO - Feature: line_cross
2026-02-16 20:08:53 - yoi.engine - [cfg:kluis-line] - INFO - STAGE 1/6 - ENGINE INIT
2026-02-16 20:08:53 - yoi.engine - [cfg:kluis-line] - INFO - Video reader ready: input/19.mp4
2026-02-16 20:08:53 - yoi.engine - [cfg:kluis-line] - INFO - STAGE 2/6 - INPUT READY
2026-02-16 20:08:53 - yoi.engine - [cfg:kluis-line] - INFO - YOLO inference engine initialized
2026-02-16 20:08:53 - yoi.engine - [cfg:kluis-line] - INFO - STAGE 3/6 - MODEL READY
2026-02-16 20:08:53 - yoi.engine - [cfg:kluis-line] - INFO - Object tracker initialized
2026-02-16 20:08:53 - yoi.engine - [cfg:kluis-line] - INFO - Feature engine initialized: line_cross
2026-02-16 20:08:53 - yoi.engine - [cfg:kluis-line] - INFO - Analytics engine initialized (FPS: 15.0, Min dwell: 10s)
2026-02-16 20:08:54 - yoi.engine - [cfg:kluis-line] - INFO - RTSP OUTPUT: streaming annotated video to rtsp://mediamtx:8554/kluis-line
2026-02-16 20:08:54 - yoi.engine - [cfg:kluis-line] - INFO - RTSP endpoint internal for 'kluis-line': rtsp://mediamtx:8554/kluis-line
2026-02-16 20:08:54 - yoi.engine - [cfg:kluis-line] - INFO - RTSP endpoint external for 'kluis-line': rtsp://localhost:6554/kluis-line
2026-02-16 20:08:54 - yoi.engine - [cfg:kluis-line] - INFO - Output engines initialized: output\kluis-line\19_20260216-130853
2026-02-16 20:08:54 - yoi.engine - [cfg:kluis-line] - INFO - STAGE 4/6 - OUTPUT/RTSP READY
2026-02-16 20:08:54 - yoi.engine - [cfg:kluis-line] - WARNING - Inference runtime limit enabled: 3.00 second(s)
2026-02-16 20:08:54 - yoi.engine - [cfg:kluis-line] - INFO - Starting video processing...
2026-02-16 20:08:54 - yoi.engine - [cfg:kluis-line] - INFO - STAGE 5/6 - PRE-INFERENCE CHECKS
2026-02-16 20:08:54 - yoi.engine - [cfg:kluis-line] - INFO - RTSP OUTPUT: cooldown 10s before inference (allow publisher/clients stabilize)
2026-02-16 20:09:04 - yoi.engine - [cfg:kluis-line] - INFO - STAGE 6/6 - INFERENCE STARTED
2026-02-16 20:09:05 - yoi.engine - [cfg:kluis-line] - INFO - Frame 0 - Line-cross metrics: {'feature': 'line_cross', 'total_in': 0, 'total_out': 0, 'net_count': 0, 'lines': {'line_1': {'in_count': 0, 'out_count': 0, 'net_count': 0}}, 'active_tracks': 4, 'alerts_count': 0}
2026-02-16 20:09:05 - yoi.engine - [cfg:kluis-line] - INFO - RTSP health [kluis-line]: status=up success=1 fail=0 recover=0 url=rtsp://mediamtx:8554/kluis-line
2026-02-16 20:09:07 - yoi.engine - [cfg:kluis-line] - WARNING - Graceful stop requested: max inference runtime reached (3.00 second(s))
2026-02-16 20:09:07 - yoi.engine - [cfg:kluis-line] - WARNING - Stopping processing loop at frame 18 due to runtime limit
2026-02-16 20:09:07 - yoi.engine - [cfg:kluis-line] - INFO - Cleaning up and saving outputs...
2026-02-16 20:09:07 - yoi.engine - [cfg:kluis-line] - INFO - Final feature metrics: {'feature': 'line_cross', 'total_in': 0, 'total_out': 0, 'net_count': 0, 'lines': {'line_1': {'in_count': 0, 'out_count': 0, 'net_count': 0}}, 'active_tracks': 4, 'alerts_count': 0}
2026-02-16 20:09:10 - yoi.engine - [cfg:kluis-line] - INFO - ======================================================================
2026-02-16 20:09:10 - yoi.engine - [cfg:kluis-line] - INFO - Processing stopped gracefully (interrupted)
2026-02-16 20:09:10 - yoi.engine - [cfg:kluis-line] - INFO - Frames processed: 18
2026-02-16 20:09:10 - yoi.engine - [cfg:kluis-line] - INFO - Total time: 5.77 seconds
2026-02-16 20:09:10 - yoi.engine - [cfg:kluis-line] - INFO - Average FPS: 3.12
2026-02-16 20:09:10 - yoi.engine - [cfg:kluis-line] - INFO - Output directory: output\kluis-line\19_20260216-130853
2026-02-16 20:09:10 - yoi.engine - [cfg:kluis-line] - INFO - ======================================================================
2026-02-16 20:09:10 - yoi.engine - [cfg:kluis-line] - INFO - 
======================================================================
2026-02-16 20:09:10 - yoi.engine - [cfg:kluis-line] - INFO - ENGINE: PROCESSING COMPLETED SUCCESSFULLY
2026-02-16 20:09:10 - yoi.engine - [cfg:kluis-line] - INFO - ======================================================================

