2026-02-16 19:39:32 - yoi.rtsp - [cfg:dwelltime-rtsp-multi] - INFO - RTSP CONNECTING: rtsp://sByvB196wlWdScHBx0mu6u6e4umlJiZb:DUt9lpjFGCh1V23851FsV@test.rtsp.stream/people (buffer_size=30)
2026-02-16 19:39:40 - yoi.rtsp - [cfg:dwelltime-rtsp-multi] - INFO - RTSP CONNECTED: rtsp://sByvB196wlWdScHBx0mu6u6e4umlJiZb:DUt9lpjFGCh1V23851FsV@test.rtsp.stream/people (720x480) @ 1.6666666666666667 FPS
2026-02-16 19:40:26 - yoi.rtsp - [cfg:dwelltime-rtsp-multi] - INFO - RTSP CONNECTING: rtsp://sByvB196wlWdScHBx0mu6u6e4umlJiZb:DUt9lpjFGCh1V23851FsV@test.rtsp.stream/people (buffer_size=30)
2026-02-16 19:40:28 - yoi.rtsp - [cfg:dwelltime-rtsp-multi] - INFO - RTSP CONNECTED: rtsp://sByvB196wlWdScHBx0mu6u6e4umlJiZb:DUt9lpjFGCh1V23851FsV@test.rtsp.stream/people (720x480) @ 29.97002997002997 FPS
2026-02-16 19:40:29 - yoi.rtsp - [cfg:dwelltime-rtsp-multi] - INFO - Starting RTSP push to: rtsp://mediamtx:8554/dwelltime-rtsp-multi (attempt 1/5)
2026-02-16 19:40:30 - yoi.rtsp - [cfg:dwelltime-rtsp-multi] - INFO - RTSP pusher started successfully
2026-02-16 19:47:46 - yoi.rtsp - [cfg:dwelltime-rtsp-multi] - INFO - RTSP CONNECTING: rtsp://sByvB196wlWdScHBx0mu6u6e4umlJiZb:DUt9lpjFGCh1V23851FsV@test.rtsp.stream/people (buffer_size=30)
2026-02-16 19:47:48 - yoi.rtsp - [cfg:dwelltime-rtsp-multi] - INFO - RTSP CONNECTED: rtsp://sByvB196wlWdScHBx0mu6u6e4umlJiZb:DUt9lpjFGCh1V23851FsV@test.rtsp.stream/people (720x480) @ 29.97002997002997 FPS
2026-02-16 19:47:48 - yoi.rtsp - [cfg:dwelltime-rtsp-multi] - INFO - Starting RTSP push to: rtsp://mediamtx:8554/dwelltime-rtsp-multi (attempt 1/5)
2026-02-16 19:47:49 - yoi.rtsp - [cfg:dwelltime-rtsp-multi] - INFO - RTSP pusher started successfully
2026-02-16 19:56:12 - yoi.rtsp - [cfg:dwelltime-rtsp-multi] - INFO - RTSP CONNECTING: rtsp://sByvB196wlWdScHBx0mu6u6e4umlJiZb:DUt9lpjFGCh1V23851FsV@test.rtsp.stream/people (buffer_size=30)
2026-02-16 19:56:20 - yoi.rtsp - [cfg:dwelltime-rtsp-multi] - INFO - RTSP CONNECTED: rtsp://sByvB196wlWdScHBx0mu6u6e4umlJiZb:DUt9lpjFGCh1V23851FsV@test.rtsp.stream/people (720x480) @ 29.97002997002997 FPS
2026-02-16 19:56:20 - yoi.rtsp - [cfg:dwelltime-rtsp-multi] - INFO - Starting RTSP push to: rtsp://mediamtx:8554/dwelltime-rtsp-multi (attempt 1/5)
2026-02-16 19:56:21 - yoi.rtsp - [cfg:dwelltime-rtsp-multi] - INFO - RTSP pusher started successfully
2026-02-16 19:56:59 - yoi.rtsp - [cfg:dwelltime-rtsp-multi] - INFO - RTSP CONNECTING: rtsp://sByvB196wlWdScHBx0mu6u6e4umlJiZb:DUt9lpjFGCh1V23851FsV@test.rtsp.stream/people (buffer_size=30)
2026-02-16 19:57:01 - yoi.rtsp - [cfg:dwelltime-rtsp-multi] - INFO - RTSP CONNECTED: rtsp://sByvB196wlWdScHBx0mu6u6e4umlJiZb:DUt9lpjFGCh1V23851FsV@test.rtsp.stream/people (720x480) @ 29.97002997002997 FPS
2026-02-16 19:57:02 - yoi.rtsp - [cfg:dwelltime-rtsp-multi] - INFO - Starting RTSP push to: rtsp://mediamtx:8554/dwelltime-rtsp-multi (attempt 1/5)
2026-02-16 19:57:03 - yoi.rtsp - [cfg:dwelltime-rtsp-multi] - INFO - RTSP pusher started successfully
2026-02-16 19:57:14 - yoi.rtsp - [cfg:dwelltime-rtsp-multi] - INFO - Pushed initial frame 1 to RTSP
2026-02-16 19:57:14 - yoi.rtsp - [cfg:dwelltime-rtsp-multi] - INFO - Pushed initial frame 2 to RTSP
2026-02-16 19:57:15 - yoi.rtsp - [cfg:dwelltime-rtsp-multi] - INFO - Pushed initial frame 3 to RTSP
2026-02-16 19:57:15 - yoi.rtsp - [cfg:dwelltime-rtsp-multi] - INFO - Pushed initial frame 4 to RTSP
2026-02-16 19:57:15 - yoi.rtsp - [cfg:dwelltime-rtsp-multi] - INFO - Pushed initial frame 5 to RTSP
2026-02-16 19:57:18 - yoi.rtsp - [cfg:dwelltime-rtsp-multi] - INFO - Stopping RTSP pusher (pushed 28 frames)
2026-02-16 19:57:20 - yoi.rtsp - [cfg:dwelltime-rtsp-multi] - ERROR - Error stopping RTSP pusher: [Errno 32] Broken pipe
2026-02-16 19:57:40 - yoi.rtsp - [cfg:dwelltime-rtsp-multi] - INFO - RTSP CONNECTING: rtsp://sByvB196wlWdScHBx0mu6u6e4umlJiZb:DUt9lpjFGCh1V23851FsV@test.rtsp.stream/people (buffer_size=30)
2026-02-16 19:57:44 - yoi.rtsp - [cfg:dwelltime-rtsp-multi] - INFO - RTSP CONNECTED: rtsp://sByvB196wlWdScHBx0mu6u6e4umlJiZb:DUt9lpjFGCh1V23851FsV@test.rtsp.stream/people (720x480) @ 29.97002997002997 FPS
2026-02-16 19:57:44 - yoi.rtsp - [cfg:dwelltime-rtsp-multi] - INFO - Starting RTSP push to: rtsp://mediamtx:8554/dwelltime-rtsp-multi (attempt 1/5)
2026-02-16 19:57:45 - yoi.rtsp - [cfg:dwelltime-rtsp-multi] - INFO - RTSP pusher started successfully
2026-02-16 19:57:56 - yoi.rtsp - [cfg:dwelltime-rtsp-multi] - INFO - Pushed initial frame 1 to RTSP
2026-02-16 19:57:56 - yoi.rtsp - [cfg:dwelltime-rtsp-multi] - INFO - Pushed initial frame 2 to RTSP
2026-02-16 19:57:56 - yoi.rtsp - [cfg:dwelltime-rtsp-multi] - INFO - Pushed initial frame 3 to RTSP
2026-02-16 19:57:56 - yoi.rtsp - [cfg:dwelltime-rtsp-multi] - INFO - Pushed initial frame 4 to RTSP
2026-02-16 19:57:56 - yoi.rtsp - [cfg:dwelltime-rtsp-multi] - INFO - Pushed initial frame 5 to RTSP
2026-02-16 19:58:00 - yoi.rtsp - [cfg:dwelltime-rtsp-multi] - INFO - Stopping RTSP pusher (pushed 41 frames)
2026-02-16 19:58:03 - yoi.rtsp - [cfg:dwelltime-rtsp-multi] - ERROR - Error stopping RTSP pusher: [Errno 32] Broken pipe
2026-02-16 19:58:21 - yoi.rtsp - [cfg:dwelltime-rtsp-multi] - INFO - RTSP CONNECTING: rtsp://sByvB196wlWdScHBx0mu6u6e4umlJiZb:DUt9lpjFGCh1V23851FsV@test.rtsp.stream/people (buffer_size=30)
2026-02-16 19:58:24 - yoi.rtsp - [cfg:dwelltime-rtsp-multi] - INFO - RTSP CONNECTED: rtsp://sByvB196wlWdScHBx0mu6u6e4umlJiZb:DUt9lpjFGCh1V23851FsV@test.rtsp.stream/people (720x480) @ 29.97002997002997 FPS
2026-02-16 20:00:28 - yoi.rtsp - [cfg:dwelltime-rtsp-multi] - INFO - RTSP CONNECTING: rtsp://sByvB196wlWdScHBx0mu6u6e4umlJiZb:DUt9lpjFGCh1V23851FsV@test.rtsp.stream/people (buffer_size=30)
2026-02-16 20:00:32 - yoi.rtsp - [cfg:dwelltime-rtsp-multi] - INFO - RTSP CONNECTED: rtsp://sByvB196wlWdScHBx0mu6u6e4umlJiZb:DUt9lpjFGCh1V23851FsV@test.rtsp.stream/people (720x480) @ 29.97002997002997 FPS
2026-02-16 20:00:32 - yoi.rtsp - [cfg:dwelltime-rtsp-multi] - INFO - Starting RTSP push to: rtsp://mediamtx:8554/dwelltime-rtsp-multi (attempt 1/5)
2026-02-16 20:00:33 - yoi.rtsp - [cfg:dwelltime-rtsp-multi] - INFO - RTSP pusher started successfully
2026-02-16 20:00:50 - yoi.rtsp - [cfg:dwelltime-rtsp-multi] - INFO - Stopping RTSP pusher (pushed 0 frames)
2026-02-16 20:00:53 - yoi.rtsp - [cfg:dwelltime-rtsp-multi] - INFO - RTSP pusher stopped
2026-02-16 20:07:46 - yoi.rtsp - [cfg:dwelltime-rtsp-multi] - INFO - RTSP CONNECTING: rtsp://sByvB196wlWdScHBx0mu6u6e4umlJiZb:DUt9lpjFGCh1V23851FsV@test.rtsp.stream/people (buffer_size=30)
2026-02-16 20:07:53 - yoi.rtsp - [cfg:dwelltime-rtsp-multi] - INFO - RTSP CONNECTED: rtsp://sByvB196wlWdScHBx0mu6u6e4umlJiZb:DUt9lpjFGCh1V23851FsV@test.rtsp.stream/people (720x480) @ 29.97002997002997 FPS
2026-02-16 20:07:53 - yoi.rtsp - [cfg:dwelltime-rtsp-multi] - INFO - Starting RTSP push to: rtsp://mediamtx:8554/dwelltime-rtsp-multi (attempt 1/5)
2026-02-16 20:07:54 - yoi.rtsp - [cfg:dwelltime-rtsp-multi] - INFO - RTSP pusher started successfully
2026-02-16 20:08:34 - yoi.rtsp - [cfg:dwelltime-rtsp-multi] - WARNING - Failed to read frame, attempting reconnect...
2026-02-16 20:08:34 - yoi.rtsp - [cfg:dwelltime-rtsp-multi] - INFO - RTSP RECONNECT: releasing and reopening stream
2026-02-16 20:08:41 - yoi.rtsp - [cfg:dwelltime-rtsp-multi] - INFO - Stopping RTSP pusher (pushed 0 frames)
2026-02-16 20:08:44 - yoi.rtsp - [cfg:dwelltime-rtsp-multi] - INFO - RTSP pusher stopped
2026-02-16 20:08:53 - yoi.rtsp - [cfg:kluis-line] - INFO - Starting RTSP push to: rtsp://mediamtx:8554/kluis-line (attempt 1/5)
2026-02-16 20:08:54 - yoi.rtsp - [cfg:kluis-line] - INFO - RTSP pusher started successfully
2026-02-16 20:09:05 - yoi.rtsp - [cfg:kluis-line] - INFO - Pushed initial frame 1 to RTSP
2026-02-16 20:09:05 - yoi.rtsp - [cfg:kluis-line] - INFO - Pushed initial frame 2 to RTSP
2026-02-16 20:09:05 - yoi.rtsp - [cfg:kluis-line] - INFO - Pushed initial frame 3 to RTSP
2026-02-16 20:09:05 - yoi.rtsp - [cfg:kluis-line] - INFO - Pushed initial frame 4 to RTSP
2026-02-16 20:09:05 - yoi.rtsp - [cfg:kluis-line] - INFO - Pushed initial frame 5 to RTSP
2026-02-16 20:09:07 - yoi.rtsp - [cfg:kluis-line] - INFO - Stopping RTSP pusher (pushed 18 frames)
2026-02-16 20:09:10 - yoi.rtsp - [cfg:kluis-line] - INFO - RTSP pusher stopped
